[Licensing::Module] Trying to connect to existing licensing client channel...
Built from '6000.3/staging' branch; Version is '6000.3.9f1 (7a9955a4f2fa) revision 8034645'; Using compiler version '194234433'; Build Type 'Release'
[Licensing::IpcConnector] Successfully connected to: "LicenseClient-cakar" at "2026-03-31T13:28:38.2522115Z"
OS: 'Windows 11  (10.0.26200) Professional' Language: 'tr' Physical Memory: 32505 MB
BatchMode: 1, IsHumanControllingUs: 0, StartBugReporterOnCrash: 0, Is64bit: 1
System  architecture: x64
Process architecture: x64
Date: 2026-03-31T13:28:38Z

COMMAND LINE ARGUMENTS:
C:\Program Files\Unity\Hub\Editor\6000.3.9f1\Editor\Unity.exe
-adb2
-batchMode
-noUpm
-name
AssetImportWorker18
-projectPath
C:/oyun/Vertigo Demo/Demo
-logFile
Logs/AssetImportWorker18.log
-srvPort
58787
-licensingIpc
LicenseClient-cakar
-job-worker-count
11
-background-job-worker-count
8
-gc-helper-count
1
-name
AssetImport
Successfully changed project path to: C:/oyun/Vertigo Demo/Demo
C:/oyun/Vertigo Demo/Demo
[UnityMemory] Configuration Parameters - Can be set up in boot.config
    "memorysetup-temp-allocator-size-nav-mesh-worker=65536"
    "memorysetup-temp-allocator-size-audio-worker=65536"
    "memorysetup-temp-allocator-size-gfx=262144"
    "memorysetup-allocator-temp-initial-block-size-main=262144"
    "memorysetup-allocator-temp-initial-block-size-worker=262144"
    "memorysetup-temp-allocator-size-background-worker=32768"
    "memorysetup-temp-allocator-size-job-worker=262144"
    "memorysetup-temp-allocator-size-preload-manager=33554432"
    "memorysetup-temp-allocator-size-gi-baking-worker=262144"
    "memorysetup-temp-allocator-size-gi-baking-worker=262144"
    "memorysetup-temp-allocator-size-gi-baking-worker=262144"
    "memorysetup-temp-allocator-size-gi-baking-worker=262144"
    "memorysetup-temp-allocator-size-gi-baking-worker=262144"
    "memorysetup-bucket-allocator-granularity=16"
    "memorysetup-bucket-allocator-bucket-count=8"
    "memorysetup-bucket-allocator-block-size=33554432"
    "memorysetup-bucket-allocator-block-count=8"
    "memorysetup-main-allocator-block-size=16777216"
    "memorysetup-thread-allocator-block-size=16777216"
    "memorysetup-gfx-main-allocator-block-size=16777216"
    "memorysetup-gfx-thread-allocator-block-size=16777216"
    "memorysetup-cache-allocator-block-size=4194304"
    "memorysetup-typetree-allocator-block-size=2097152"
    "memorysetup-profiler-bucket-allocator-granularity=16"
    "memorysetup-profiler-bucket-allocator-bucket-count=8"
    "memorysetup-profiler-bucket-allocator-block-size=33554432"
    "memorysetup-profiler-bucket-allocator-block-count=8"
    "memorysetup-profiler-allocator-block-size=16777216"
    "memorysetup-profiler-editor-allocator-block-size=1048576"
    "memorysetup-temp-allocator-size-main=16777216"
    "memorysetup-job-temp-allocator-block-size=2097152"
    "memorysetup-job-temp-allocator-block-size-background=1048576"
    "memorysetup-job-temp-allocator-reduction-small-platforms=262144"
    "memorysetup-temp-allocator-size-cloud-worker=32768"
Player connection [2792]  Target information:

Player connection [2792]  * "[IP] 192.168.1.235 [Port] 0 [Flags] 2 [Guid] 3753831996 [EditorId] 3753831996 [Version] 1048832 [Id] WindowsEditor(7,Mehmet) [Debug] 1 [PackageName] WindowsEditor [ProjectName] Editor" 

Player connection [2792]  * "[IP] 192.168.137.1 [Port] 0 [Flags] 2 [Guid] 3753831996 [EditorId] 3753831996 [Version] 1048832 [Id] WindowsEditor(7,Mehmet) [Debug] 1 [PackageName] WindowsEditor [ProjectName] Editor" 

Player connection [2792] Host joined multi-casting on [225.0.0.222:54997]...
Player connection [2792] Host joined alternative multi-casting on [225.0.0.222:34997]...
JobSystem: Creating JobQueue using job-worker-count value 11
Input System module state changed to: Initialized.
[Physics::Module] Initialized fallback backend.
[Physics::Module] Id: 0xdecafbad
Library Redirect Path: Library/
[Physics::Module] Selected backend.
[Physics::Module] Name: PhysX
[Physics::Module] Id: 0xf2b8ea05
[Physics::Module] SDK Version: 4.1.2
[Physics::Module] Integration Version: 1.0.0
[Physics::Module] Threading Mode: Multi-Threaded
Refreshing native plugins compatible for Editor in 3.48 ms, found 3 plugins.
Preloading 0 native plugins for Editor in 0.00 ms.
Initialize engine version: 6000.3.9f1 (7a9955a4f2fa)
[Subsystems] Discovering subsystems at path C:/Program Files/Unity/Hub/Editor/6000.3.9f1/Editor/Data/Resources/UnitySubsystems
[Subsystems] Discovering subsystems at path C:/oyun/Vertigo Demo/Demo/Assets
GfxDevice: creating device client; kGfxThreadingModeNonThreaded
Direct3D:
    Version:  Direct3D 11.0 [level 11.1]
    Renderer: NVIDIA GeForce RTX 4060 Laptop GPU (ID=0x28a0)
    Vendor:   NVIDIA
    VRAM:     7956 MB
    Driver:   32.0.15.9597
Initialize mono
Mono path[0] = 'C:/Program Files/Unity/Hub/Editor/6000.3.9f1/Editor/Data/Managed'
Mono path[1] = 'C:/Program Files/Unity/Hub/Editor/6000.3.9f1/Editor/Data/MonoBleedingEdge/lib/mono/unityjit-win32'
Mono config path = 'C:/Program Files/Unity/Hub/Editor/6000.3.9f1/Editor/Data/MonoBleedingEdge/etc'
Using monoOptions --debugger-agent=transport=dt_socket,embedding=1,server=y,suspend=n,address=127.0.0.1:56244
Begin MonoManager ReloadAssembly
Registering precompiled unity dll's ...
Register platform support module: C:/Program Files/Unity/Hub/Editor/6000.3.9f1/Editor/Data/PlaybackEngines/WebGLSupport/UnityEditor.WebGL.Extensions.dll
Register platform support module: C:/Program Files/Unity/Hub/Editor/6000.3.9f1/Editor/Data/PlaybackEngines/WindowsStandaloneSupport/UnityEditor.WindowsStandalone.Extensions.dll
Registered in 0.005393 seconds.
[Licensing::Client] Handshaking with LicensingClient:
  Version:                 1.17.4+4293ba1
  Session Id:              b71bd8fa2bfd4dfd9431071241e5e353
  Correlation Id:          cf933115759830ba3ab4c0ce64ff8075
  External correlation Id: 3341536725054624744
  Machine Id:              UzBaQ1oKw7nAdmL4Y4KuFQsfR7E=
[Licensing::Module] Successfully connected to LicensingClient on channel: "LicenseClient-cakar" (connect: 0.00s, validation: 0.00s, handshake: 1.56s)
[Licensing::IpcConnector] Successfully connected to: "LicenseClient-cakar-notifications" at "2026-03-31T13:28:39.8120248Z"
[Licensing::Module] Licensing Background thread has ended after 1.56s
- Loaded All Assemblies, in  0.624 seconds
Native extension for WindowsStandalone target not found
Native extension for WebGL target not found
ScheduleIndexationOnStartup MainProcess:False IndexOnStartup:True
Mono: successfully reloaded assembly
- Finished resetting the current domain, in  0.602 seconds
Domain Reload Profiling: 1222ms
	BeginReloadAssembly (206ms)
		ExecutionOrderSort (0ms)
		DisableScriptedObjects (0ms)
		BackupInstance (0ms)
		ReleaseScriptingObjects (0ms)
		CreateAndSetChildDomain (1ms)
	RebuildCommonClasses (57ms)
	RebuildNativeTypeToScriptingClass (16ms)
	initialDomainReloadingComplete (75ms)
	LoadAllAssembliesAndSetupDomain (265ms)
		LoadAssemblies (201ms)
		RebuildTransferFunctionScriptingTraits (0ms)
		AnalyzeDomain (261ms)
			TypeCache.Refresh (259ms)
				TypeCache.ScanAssembly (234ms)
			BuildScriptInfoCaches (0ms)
			ResolveRequiredComponents (1ms)
	FinalizeReload (602ms)
		ReleaseScriptCaches (0ms)
		RebuildScriptCaches (0ms)
		SetupLoadedEditorAssemblies (540ms)
			LogAssemblyErrors (0ms)
			InitializePlatformSupportModulesInManaged (80ms)
			SetLoadedEditorAssemblies (6ms)
			BeforeProcessingInitializeOnLoad (148ms)
			ProcessInitializeOnLoadAttributes (214ms)
			ProcessInitializeOnLoadMethodAttributes (91ms)
			AfterProcessingInitializeOnLoad (0ms)
			EditorAssembliesLoaded (0ms)
		ExecutionOrderSort2 (0ms)
		AwakeInstancesAfterBackupRestoration (0ms)
========================================================================
Worker process is ready to serve import requests
Import Worker Mode flag is 0x00
Begin MonoManager ReloadAssembly
[Licensing::Client] Successfully resolved entitlement details
[Licensing::Module] License group:
  Id: F4-6NBK-962Z-65HE-DAAA-XXXX
  Product: Unity Personal
  Type: ULF
  Expiration: Unlimited
[Licensing::Module] License group:
  Id: 18967464664749-UnityPersXXXX
  Product: Unity Personal
  Type: Assigned
  Expiration: Unlimited
- Loaded All Assemblies, in  1.237 seconds
Refreshing native plugins compatible for Editor in 0.80 ms, found 3 plugins.
Native extension for WindowsStandalone target not found
Native extension for WebGL target not found
Package Manager log level set to [2]
[Package Manager] Failed to launch server process. Reason: Unity was launched with the -noUpm command-line argument
[Package Manager] Unable to send message (not connected to server process).
[Package Manager] Cannot connect to Unity Package Manager local server
ScheduleIndexationOnStartup MainProcess:False IndexOnStartup:True
Mono: successfully reloaded assembly
- Finished resetting the current domain, in  1.010 seconds
Domain Reload Profiling: 2240ms
	BeginReloadAssembly (268ms)
		ExecutionOrderSort (0ms)
		DisableScriptedObjects (7ms)
		BackupInstance (0ms)
		ReleaseScriptingObjects (0ms)
		CreateAndSetChildDomain (52ms)
	RebuildCommonClasses (57ms)
	RebuildNativeTypeToScriptingClass (14ms)
	initialDomainReloadingComplete (53ms)
	LoadAllAssembliesAndSetupDomain (836ms)
		LoadAssemblies (550ms)
		RebuildTransferFunctionScriptingTraits (0ms)
		AnalyzeDomain (436ms)
			TypeCache.Refresh (329ms)
				TypeCache.ScanAssembly (299ms)
			BuildScriptInfoCaches (88ms)
			ResolveRequiredComponents (12ms)
	FinalizeReload (1011ms)
		ReleaseScriptCaches (0ms)
		RebuildScriptCaches (0ms)
		SetupLoadedEditorAssemblies (798ms)
			LogAssemblyErrors (0ms)
			InitializePlatformSupportModulesInManaged (3ms)
			SetLoadedEditorAssemblies (5ms)
			BeforeProcessingInitializeOnLoad (164ms)
			ProcessInitializeOnLoadAttributes (544ms)
			ProcessInitializeOnLoadMethodAttributes (75ms)
			AfterProcessingInitializeOnLoad (6ms)
			EditorAssembliesLoaded (0ms)
		ExecutionOrderSort2 (0ms)
		AwakeInstancesAfterBackupRestoration (8ms)
Launched and connected shader compiler UnityShaderCompiler.exe after 0.02 seconds
Refreshing native plugins compatible for Editor in 1.57 ms, found 3 plugins.
Preloading 0 native plugins for Editor in 0.00 ms.
Unloading 22 Unused Serialized files (Serialized files now loaded: 0)
Unloading 6824 unused Assets / (6.6 MB). Loaded Objects now: 7712.
Memory consumption went from 192.1 MB to 185.5 MB.
Total: 24.385800 ms (FindLiveObjects: 1.699200 ms CreateObjectMapping: 1.878000 ms MarkObjects: 12.496600 ms  DeleteObjects: 8.309100 ms)

========================================================================
Received Import Request.
  Time since last request: 9095.292671 seconds.
  path: Assets/Samples/Visual Effect Graph/17.3.0/Learning Templates/Shaders/SG_Hand.shadergraph
  artifactKey: Guid(1a75760eafd771844a9930bf6651ed40) Importer(815301076,1909f56bfc062723c751e8b465ee728b)
Start importing Assets/Samples/Visual Effect Graph/17.3.0/Learning Templates/Shaders/SG_Hand.shadergraph using Guid(1a75760eafd771844a9930bf6651ed40) Importer(815301076,1909f56bfc062723c751e8b465ee728b) (PreviewImporter) -> (artifact id: '03045fababf81d7c860ae37a0050cda5') in 6.3077798 seconds
Number of updated asset objects reloaded before import = 0Number of asset objects unloaded after import = 5

========================================================================
Received Import Request.
  Time since last request: 0.000068 seconds.
  path: Assets/Samples/Scriptable Render Pipeline Core/17.3.0/Common/Materials/SamplesRoughBlack.mat
  artifactKey: Guid(519c06b70a5dfe94988ab6fe98d7405a) Importer(815301076,1909f56bfc062723c751e8b465ee728b)
Start importing Assets/Samples/Scriptable Render Pipeline Core/17.3.0/Common/Materials/SamplesRoughBlack.mat using Guid(519c06b70a5dfe94988ab6fe98d7405a) Importer(815301076,1909f56bfc062723c751e8b465ee728b) (PreviewImporter) -> (artifact id: 'd7e5d1bfc748193e2a8e3c8f318bac34') in 6.0294188 seconds
Number of updated asset objects reloaded before import = 0Number of asset objects unloaded after import = 7

========================================================================
Received Import Request.
  Time since last request: 0.000065 seconds.
  path: Assets/Task 2/weapon_model/TopScorerShader.shadergraph
  artifactKey: Guid(5dcab6bca6a225c49a6c849704668190) Importer(815301076,1909f56bfc062723c751e8b465ee728b)
Start importing Assets/Task 2/weapon_model/TopScorerShader.shadergraph using Guid(5dcab6bca6a225c49a6c849704668190) Importer(815301076,1909f56bfc062723c751e8b465ee728b) (PreviewImporter) -> (artifact id: 'b028387b6f027608ddea4eb082062800') in 0.0385091 seconds
Number of updated asset objects reloaded before import = 0Number of asset objects unloaded after import = 9

========================================================================
Received Import Request.
  Time since last request: 0.000057 seconds.
  path: Assets/Samples/Scriptable Render Pipeline Core/17.3.0/Common/Materials/Shaders/SamplesArrow.shadergraph
  artifactKey: Guid(5614ac4a11189934cb15ed4f6582ad58) Importer(815301076,1909f56bfc062723c751e8b465ee728b)
Start importing Assets/Samples/Scriptable Render Pipeline Core/17.3.0/Common/Materials/Shaders/SamplesArrow.shadergraph using Guid(5614ac4a11189934cb15ed4f6582ad58) Importer(815301076,1909f56bfc062723c751e8b465ee728b) (PreviewImporter) -> (artifact id: '45558fdc2518ca3d6c228338ad684447') in 5.9930065 seconds
Number of updated asset objects reloaded before import = 0Number of asset objects unloaded after import = 6

========================================================================
Received Import Request.
  Time since last request: 0.000048 seconds.
  path: Assets/Samples/Visual Effect Graph/17.3.0/Learning Templates/Shaders/SG_Hoodie.shadergraph
  artifactKey: Guid(8364aeedaefad0449a1868f80da99d30) Importer(815301076,1909f56bfc062723c751e8b465ee728b)
Start importing Assets/Samples/Visual Effect Graph/17.3.0/Learning Templates/Shaders/SG_Hoodie.shadergraph using Guid(8364aeedaefad0449a1868f80da99d30) Importer(815301076,1909f56bfc062723c751e8b465ee728b) (PreviewImporter) -> (artifact id: '30b2837194e9097abf8b2275dbd9966d') in 5.2257776 seconds
Number of updated asset objects reloaded before import = 0Number of asset objects unloaded after import = 7

========================================================================
Received Import Request.
  Time since last request: 0.000082 seconds.
  path: Assets/Samples/Scriptable Render Pipeline Core/17.3.0/Common/Materials/Shader Graphs_MaterialBall_Gold.mat
  artifactKey: Guid(8780c788c2482c846b2fd30c71d1a0f5) Importer(815301076,1909f56bfc062723c751e8b465ee728b)
Start importing Assets/Samples/Scriptable Render Pipeline Core/17.3.0/Common/Materials/Shader Graphs_MaterialBall_Gold.mat using Guid(8780c788c2482c846b2fd30c71d1a0f5) Importer(815301076,1909f56bfc062723c751e8b465ee728b) (PreviewImporter) -> (artifact id: 'ba0ca0b1eebde11adaf7f4193d96f66c') in 4.4351967 seconds
Number of updated asset objects reloaded before import = 0Number of asset objects unloaded after import = 5

========================================================================
Received Import Request.
  Time since last request: 0.000059 seconds.
  path: Assets/Samples/Visual Effect Graph/17.3.0/Common/Shaders/SG_Einstein.shadergraph
  artifactKey: Guid(7bc5bf2d4bbe77d49a4953323d8c6269) Importer(815301076,1909f56bfc062723c751e8b465ee728b)
Start importing Assets/Samples/Visual Effect Graph/17.3.0/Common/Shaders/SG_Einstein.shadergraph using Guid(7bc5bf2d4bbe77d49a4953323d8c6269) Importer(815301076,1909f56bfc062723c751e8b465ee728b) (PreviewImporter) -> (artifact id: '00000000000000000000000000000000') in 5.8701437 seconds
Import Error Code:(4)
Message: Build asset version error: assets/samples/visual effect graph/17.3.0/common/shaders/sg_einstein.shadergraph in SourceAssetDB has modification time of '2026-02-10T23:42:28Z' while content on disk has modification time of '0001-01-01T00:00:00Z' with error code 2
Stacktrace:
0x00007ffebcd5235e (Unity) StackWalker::ShowCallstack
0x00007ffebe586649 (Unity) PlatformStacktrace::GetStacktrace
0x00007ffebe586ece (Unity) Stacktrace::GetStacktrace
0x00007ffebf4f0aa0 (Unity) GetAssetHashAndValidate
0x00007ffebf4ec3d3 (Unity) AssetVersionBuilder::BuildHashOfSourceAssetArray
0x00007ffebf4ea4c7 (Unity) AssetVersionBuilder::BuildAssetVersion
0x00007ffebf46c1dd (Unity) CreateAssetVersionBuilder
0x00007ffebf471a53 (Unity) ImportToObjects
0x00007ffebf4706a2 (Unity) ImportAsset
0x00007ffebf494269 (Unity) AssetImportWorker::Import
0x00007ffebf501343 (Unity) <lambda_59bd213d68cdb8fe9cc041ceb76081a8>::operator()
0x00007ffebf5410bf (Unity) asio::detail::completion_handler<core::mutable_function<void __cdecl(void)>,asio::io_context::basic_executor_type<std::allocator<void>,0> >::do_complete
0x00007ffebf52e9b1 (Unity) asio::detail::win_iocp_io_context::do_one
0x00007ffebf52fbd4 (Unity) asio::detail::win_iocp_io_context::run
0x00007ffebf53f729 (Unity) IOService::Run
0x00007ffebf5122ef (Unity) AssetImportWorkerClient::Run
0x00007ffebf4d64b8 (Unity) RunAssetImportWorkerClientV2
0x00007ffebf4d652b (Unity) RunAssetImporterV2
0x00007ffebddb78ff (Unity) Application::InitializeProject
0x00007ffebdbad003 (Unity) UnityMain
0x00007ff63f4d2f2a (Unity) __scrt_common_main_seh
0x00007fff74e9e8d7 (KERNEL32) BaseThreadInitThunk
0x00007fff7618c48c (ntdll) RtlUserThreadStart

  ERROR: Build asset version error: assets/samples/visual effect graph/17.3.0/common/shaders/sg_einstein.shadergraph in SourceAssetDB has modification time of '2026-02-10T23:42:28Z' while content on disk has modification time of '0001-01-01T00:00:00Z' with error code 2
Stacktrace:
0x00007ffebcd5235e (Unity) StackWalker::ShowCallstack
0x00007ffebe586649 (Unity) PlatformStacktrace::GetStacktrace
0x00007ffebe586ece (Unity) Stacktrace::GetStacktrace
0x00007ffebf4f0aa0 (Unity) GetAssetHashAndValidate
0x00007ffebf4ec3d3 (Unity) AssetVersionBuilder::BuildHashOfSourceAssetArray
0x00007ffebf4ea4c7 (Unity) AssetVersionBuilder::BuildAssetVersion
0x00007ffebf46c1dd (Unity) CreateAssetVersionBuilder
0x00007ffebf471a53 (Unity) ImportToObjects
0x00007ffebf4706a2 (Unity) ImportAsset
0x00007ffebf494269 (Unity) AssetImportWorker::Import
0x00007ffebf501343 (Unity) <lambda_59bd213d68cdb8fe9cc041ceb76081a8>::operator()
0x00007ffebf5410bf (Unity) asio::detail::completion_handler<core::mutable_function<void __cdecl(void)>,asio::io_context::basic_executor_type<std::allocator<void>,0> >::do_complete
0x00007ffebf52e9b1 (Unity) asio::detail::win_iocp_io_context::do_one
0x00007ffebf52fbd4 (Unity) asio::detail::win_iocp_io_context::run
0x00007ffebf53f729 (Unity) IOService::Run
0x00007ffebf5122ef (Unity) AssetImportWorkerClient::Run
0x00007ffebf4d64b8 (Unity) RunAssetImportWorkerClientV2
0x00007ffebf4d652b (Unity) RunAssetImporterV2
0x00007ffebddb78ff (Unity) Application::InitializeProject
0x00007ffebdbad003 (Unity) UnityMain
0x00007ff63f4d2f2a (Unity) __scrt_common_main_seh
0x00007fff74e9e8d7 (KERNEL32) BaseThreadInitThunk
0x00007fff7618c48c (ntdll) RtlUserThreadStart

Number of updated asset objects reloaded before import = 0Number of asset objects unloaded after import = 0

========================================================================
Received Import Request.
  Time since last request: 0.000050 seconds.
  path: Assets/Samples/Scriptable Render Pipeline Core/17.3.0/Common/Materials/SamplesSpotlightEmissive.mat
  artifactKey: Guid(59f9c77da24034145adf7056aaeb4174) Importer(815301076,1909f56bfc062723c751e8b465ee728b)
Start importing Assets/Samples/Scriptable Render Pipeline Core/17.3.0/Common/Materials/SamplesSpotlightEmissive.mat using Guid(59f9c77da24034145adf7056aaeb4174) Importer(815301076,1909f56bfc062723c751e8b465ee728b) (PreviewImporter) -> (artifact id: 'ec41e8be5bbcfb2483e6d5cfaf463825') in 2.959711 seconds
Number of updated asset objects reloaded before import = 0Number of asset objects unloaded after import = 6

========================================================================
Received Import Request.
  Time since last request: 8.864869 seconds.
  path: Assets/Samples/Scriptable Render Pipeline Core/17.3.0/Common/Materials/Samples_Checker.mat
  artifactKey: Guid(3dd629c30f0676f47876c908191b19f3) Importer(815301076,1909f56bfc062723c751e8b465ee728b)
Start importing Assets/Samples/Scriptable Render Pipeline Core/17.3.0/Common/Materials/Samples_Checker.mat using Guid(3dd629c30f0676f47876c908191b19f3) Importer(815301076,1909f56bfc062723c751e8b465ee728b) (PreviewImporter) -> (artifact id: '803ee67a873fb43cbb5c189a4a29584e') in 5.1867307 seconds
Number of updated asset objects reloaded before import = 57Number of asset objects unloaded after import = 7

========================================================================
Received Prepare
Refreshing native plugins compatible for Editor in 1.34 ms, found 3 plugins.
Preloading 0 native plugins for Editor in 0.00 ms.
Unloading 17 Unused Serialized files (Serialized files now loaded: 0)
Unloading 6801 unused Assets / (5.4 MB). Loaded Objects now: 7799.
Memory consumption went from 175.1 MB to 169.8 MB.
Total: 13.238200 ms (FindLiveObjects: 0.977900 ms CreateObjectMapping: 1.090400 ms MarkObjects: 8.234100 ms  DeleteObjects: 2.934800 ms)

Prepare: number of updated asset objects reloaded= 5
========================================================================
Received Prepare
Begin MonoManager ReloadAssembly
[Licensing::Client] Successfully resolved entitlement details
[Licensing::Module] License group:
  Id: F4-6NBK-962Z-65HE-DAAA-XXXX
  Product: Unity Personal
  Type: ULF
  Expiration: Unlimited
[Licensing::Module] License group:
  Id: 18967464664749-UnityPersXXXX
  Product: Unity Personal
  Type: Assigned
  Expiration: Unlimited
- Loaded All Assemblies, in  0.933 seconds
Refreshing native plugins compatible for Editor in 0.75 ms, found 3 plugins.
Native extension for WindowsStandalone target not found
Native extension for WebGL target not found
[Package Manager] Failed to launch server process. Reason: Unity was launched with the -noUpm command-line argument
[Package Manager] Unable to send message (not connected to server process).
[Package Manager] Cannot connect to Unity Package Manager local server
ScheduleIndexationOnStartup MainProcess:False IndexOnStartup:True
Mono: successfully reloaded assembly
- Finished resetting the current domain, in  0.894 seconds
Domain Reload Profiling: 1827ms
	BeginReloadAssembly (280ms)
		ExecutionOrderSort (0ms)
		DisableScriptedObjects (21ms)
		BackupInstance (0ms)
		ReleaseScriptingObjects (0ms)
		CreateAndSetChildDomain (70ms)
	RebuildCommonClasses (39ms)
	RebuildNativeTypeToScriptingClass (13ms)
	initialDomainReloadingComplete (36ms)
	LoadAllAssembliesAndSetupDomain (564ms)
		LoadAssemblies (428ms)
		RebuildTransferFunctionScriptingTraits (0ms)
		AnalyzeDomain (254ms)
			TypeCache.Refresh (19ms)
				TypeCache.ScanAssembly (0ms)
			BuildScriptInfoCaches (218ms)
			ResolveRequiredComponents (12ms)
	FinalizeReload (895ms)
		ReleaseScriptCaches (0ms)
		RebuildScriptCaches (0ms)
		SetupLoadedEditorAssemblies (713ms)
			LogAssemblyErrors (0ms)
			InitializePlatformSupportModulesInManaged (3ms)
			SetLoadedEditorAssemblies (7ms)
			BeforeProcessingInitializeOnLoad (176ms)
			ProcessInitializeOnLoadAttributes (462ms)
			ProcessInitializeOnLoadMethodAttributes (59ms)
			AfterProcessingInitializeOnLoad (6ms)
			EditorAssembliesLoaded (0ms)
		ExecutionOrderSort2 (0ms)
		AwakeInstancesAfterBackupRestoration (17ms)
Refreshing native plugins compatible for Editor in 0.98 ms, found 3 plugins.
Preloading 0 native plugins for Editor in 0.00 ms.
Unloading 17 Unused Serialized files (Serialized files now loaded: 0)
Unloading 6807 unused Assets / (5.3 MB). Loaded Objects now: 7718.
Memory consumption went from 173.4 MB to 168.1 MB.
Total: 10.119000 ms (FindLiveObjects: 0.789400 ms CreateObjectMapping: 0.904100 ms MarkObjects: 5.709500 ms  DeleteObjects: 2.714500 ms)

Prepare: number of updated asset objects reloaded= 0
Editor requested this worker to shutdown with reason: Scaling down because of idle timeout
AssetImportWorker is now disconnected from the server
Process exiting
Exiting without the bug reporter. Application will terminate with return code 0