[Licensing::Module] Trying to connect to existing licensing client channel...
Built from '6000.3/staging' branch; Version is '6000.3.9f1 (7a9955a4f2fa) revision 8034645'; Using compiler version '194234433'; Build Type 'Release'
OS: 'Windows 11  (10.0.26200) Professional' Language: 'tr' Physical Memory: 32505 MB
BatchMode: 1, IsHumanControllingUs: 0, StartBugReporterOnCrash: 0, Is64bit: 1
System  architecture: x64
[Licensing::IpcConnector] Successfully connected to: "LicenseClient-cakar" at "2026-03-31T13:06:34.831434Z"
Process architecture: x64
Date: 2026-03-31T13:06:34Z

COMMAND LINE ARGUMENTS:
C:\Program Files\Unity\Hub\Editor\6000.3.9f1\Editor\Unity.exe
-adb2
-batchMode
-noUpm
-name
AssetImportWorker10
-projectPath
C:/oyun/Vertigo Demo/Demo
-logFile
Logs/AssetImportWorker10.log
-srvPort
58787
-licensingIpc
LicenseClient-cakar
-job-worker-count
11
-background-job-worker-count
8
-gc-helper-count
1
-name
AssetImport
Successfully changed project path to: C:/oyun/Vertigo Demo/Demo
C:/oyun/Vertigo Demo/Demo
[UnityMemory] Configuration Parameters - Can be set up in boot.config
    "memorysetup-temp-allocator-size-nav-mesh-worker=65536"
    "memorysetup-temp-allocator-size-audio-worker=65536"
    "memorysetup-temp-allocator-size-gfx=262144"
    "memorysetup-allocator-temp-initial-block-size-main=262144"
    "memorysetup-allocator-temp-initial-block-size-worker=262144"
    "memorysetup-temp-allocator-size-background-worker=32768"
    "memorysetup-temp-allocator-size-job-worker=262144"
    "memorysetup-temp-allocator-size-preload-manager=33554432"
    "memorysetup-temp-allocator-size-gi-baking-worker=262144"
    "memorysetup-temp-allocator-size-gi-baking-worker=262144"
    "memorysetup-temp-allocator-size-gi-baking-worker=262144"
    "memorysetup-temp-allocator-size-gi-baking-worker=262144"
    "memorysetup-temp-allocator-size-gi-baking-worker=262144"
    "memorysetup-bucket-allocator-granularity=16"
    "memorysetup-bucket-allocator-bucket-count=8"
    "memorysetup-bucket-allocator-block-size=33554432"
    "memorysetup-bucket-allocator-block-count=8"
    "memorysetup-main-allocator-block-size=16777216"
    "memorysetup-thread-allocator-block-size=16777216"
    "memorysetup-gfx-main-allocator-block-size=16777216"
    "memorysetup-gfx-thread-allocator-block-size=16777216"
    "memorysetup-cache-allocator-block-size=4194304"
    "memorysetup-typetree-allocator-block-size=2097152"
    "memorysetup-profiler-bucket-allocator-granularity=16"
    "memorysetup-profiler-bucket-allocator-bucket-count=8"
    "memorysetup-profiler-bucket-allocator-block-size=33554432"
    "memorysetup-profiler-bucket-allocator-block-count=8"
    "memorysetup-profiler-allocator-block-size=16777216"
    "memorysetup-profiler-editor-allocator-block-size=1048576"
    "memorysetup-temp-allocator-size-main=16777216"
    "memorysetup-job-temp-allocator-block-size=2097152"
    "memorysetup-job-temp-allocator-block-size-background=1048576"
    "memorysetup-job-temp-allocator-reduction-small-platforms=262144"
    "memorysetup-temp-allocator-size-cloud-worker=32768"
Player connection [31948]  Target information:

Player connection [31948]  * "[IP] 192.168.1.235 [Port] 0 [Flags] 2 [Guid] 2598271162 [EditorId] 2598271162 [Version] 1048832 [Id] WindowsEditor(7,Mehmet) [Debug] 1 [PackageName] WindowsEditor [ProjectName] Editor" 

Player connection [31948]  * "[IP] 192.168.137.1 [Port] 0 [Flags] 2 [Guid] 2598271162 [EditorId] 2598271162 [Version] 1048832 [Id] WindowsEditor(7,Mehmet) [Debug] 1 [PackageName] WindowsEditor [ProjectName] Editor" 

Player connection [31948] Host joined multi-casting on [225.0.0.222:54997]...
Player connection [31948] Host joined alternative multi-casting on [225.0.0.222:34997]...
JobSystem: Creating JobQueue using job-worker-count value 11
Input System module state changed to: Initialized.
[Physics::Module] Initialized fallback backend.
[Physics::Module] Id: 0xdecafbad
Library Redirect Path: Library/
[Physics::Module] Selected backend.
[Physics::Module] Name: PhysX
[Physics::Module] Id: 0xf2b8ea05
[Physics::Module] SDK Version: 4.1.2
[Physics::Module] Integration Version: 1.0.0
[Physics::Module] Threading Mode: Multi-Threaded
Refreshing native plugins compatible for Editor in 3.34 ms, found 3 plugins.
Preloading 0 native plugins for Editor in 0.00 ms.
Initialize engine version: 6000.3.9f1 (7a9955a4f2fa)
[Subsystems] Discovering subsystems at path C:/Program Files/Unity/Hub/Editor/6000.3.9f1/Editor/Data/Resources/UnitySubsystems
[Subsystems] Discovering subsystems at path C:/oyun/Vertigo Demo/Demo/Assets
GfxDevice: creating device client; kGfxThreadingModeNonThreaded
Direct3D:
    Version:  Direct3D 11.0 [level 11.1]
    Renderer: NVIDIA GeForce RTX 4060 Laptop GPU (ID=0x28a0)
    Vendor:   NVIDIA
    VRAM:     7956 MB
    Driver:   32.0.15.9597
Initialize mono
Mono path[0] = 'C:/Program Files/Unity/Hub/Editor/6000.3.9f1/Editor/Data/Managed'
Mono path[1] = 'C:/Program Files/Unity/Hub/Editor/6000.3.9f1/Editor/Data/MonoBleedingEdge/lib/mono/unityjit-win32'
Mono config path = 'C:/Program Files/Unity/Hub/Editor/6000.3.9f1/Editor/Data/MonoBleedingEdge/etc'
Using monoOptions --debugger-agent=transport=dt_socket,embedding=1,server=y,suspend=n,address=127.0.0.1:56084
Begin MonoManager ReloadAssembly
Registering precompiled unity dll's ...
Register platform support module: C:/Program Files/Unity/Hub/Editor/6000.3.9f1/Editor/Data/PlaybackEngines/WebGLSupport/UnityEditor.WebGL.Extensions.dll
Register platform support module: C:/Program Files/Unity/Hub/Editor/6000.3.9f1/Editor/Data/PlaybackEngines/WindowsStandaloneSupport/UnityEditor.WindowsStandalone.Extensions.dll
Registered in 0.003169 seconds.
[Licensing::Client] Handshaking with LicensingClient:
  Version:                 1.17.4+4293ba1
  Session Id:              a9bee6c79db3454e9475288e3033f89d
  Correlation Id:          cf933115759830ba3ab4c0ce64ff8075
  External correlation Id: 4048289065658930591
  Machine Id:              UzBaQ1oKw7nAdmL4Y4KuFQsfR7E=
[Licensing::Module] Successfully connected to LicensingClient on channel: "LicenseClient-cakar" (connect: 0.00s, validation: 0.00s, handshake: 1.39s)
[Licensing::IpcConnector] Successfully connected to: "LicenseClient-cakar-notifications" at "2026-03-31T13:06:36.2207915Z"
[Licensing::Module] Licensing Background thread has ended after 1.39s
- Loaded All Assemblies, in  0.559 seconds
Native extension for WindowsStandalone target not found
Native extension for WebGL target not found
ScheduleIndexationOnStartup MainProcess:False IndexOnStartup:True
Mono: successfully reloaded assembly
- Finished resetting the current domain, in  0.535 seconds
Domain Reload Profiling: 1091ms
	BeginReloadAssembly (186ms)
		ExecutionOrderSort (0ms)
		DisableScriptedObjects (0ms)
		BackupInstance (0ms)
		ReleaseScriptingObjects (0ms)
		CreateAndSetChildDomain (1ms)
	RebuildCommonClasses (52ms)
	RebuildNativeTypeToScriptingClass (12ms)
	initialDomainReloadingComplete (63ms)
	LoadAllAssembliesAndSetupDomain (241ms)
		LoadAssemblies (182ms)
		RebuildTransferFunctionScriptingTraits (0ms)
		AnalyzeDomain (236ms)
			TypeCache.Refresh (233ms)
				TypeCache.ScanAssembly (213ms)
			BuildScriptInfoCaches (0ms)
			ResolveRequiredComponents (1ms)
	FinalizeReload (536ms)
		ReleaseScriptCaches (0ms)
		RebuildScriptCaches (0ms)
		SetupLoadedEditorAssemblies (484ms)
			LogAssemblyErrors (0ms)
			InitializePlatformSupportModulesInManaged (74ms)
			SetLoadedEditorAssemblies (5ms)
			BeforeProcessingInitializeOnLoad (110ms)
			ProcessInitializeOnLoadAttributes (204ms)
			ProcessInitializeOnLoadMethodAttributes (91ms)
			AfterProcessingInitializeOnLoad (0ms)
			EditorAssembliesLoaded (0ms)
		ExecutionOrderSort2 (0ms)
		AwakeInstancesAfterBackupRestoration (0ms)
========================================================================
Worker process is ready to serve import requests
Import Worker Mode flag is 0x00
Begin MonoManager ReloadAssembly
[Licensing::Client] Successfully resolved entitlement details
[Licensing::Module] License group:
  Id: F4-6NBK-962Z-65HE-DAAA-XXXX
  Product: Unity Personal
  Type: ULF
  Expiration: Unlimited
[Licensing::Module] License group:
  Id: 18967464664749-UnityPersXXXX
  Product: Unity Personal
  Type: Assigned
  Expiration: Unlimited
- Loaded All Assemblies, in  1.151 seconds
Refreshing native plugins compatible for Editor in 1.13 ms, found 3 plugins.
Native extension for WindowsStandalone target not found
Native extension for WebGL target not found
Package Manager log level set to [2]
[Package Manager] Failed to launch server process. Reason: Unity was launched with the -noUpm command-line argument
[Package Manager] Unable to send message (not connected to server process).
[Package Manager] Cannot connect to Unity Package Manager local server
ScheduleIndexationOnStartup MainProcess:False IndexOnStartup:True
Mono: successfully reloaded assembly
- Finished resetting the current domain, in  1.138 seconds
Domain Reload Profiling: 2283ms
	BeginReloadAssembly (264ms)
		ExecutionOrderSort (0ms)
		DisableScriptedObjects (9ms)
		BackupInstance (0ms)
		ReleaseScriptingObjects (0ms)
		CreateAndSetChildDomain (50ms)
	RebuildCommonClasses (50ms)
	RebuildNativeTypeToScriptingClass (20ms)
	initialDomainReloadingComplete (58ms)
	LoadAllAssembliesAndSetupDomain (752ms)
		LoadAssemblies (525ms)
		RebuildTransferFunctionScriptingTraits (0ms)
		AnalyzeDomain (366ms)
			TypeCache.Refresh (261ms)
				TypeCache.ScanAssembly (241ms)
			BuildScriptInfoCaches (84ms)
			ResolveRequiredComponents (14ms)
	FinalizeReload (1139ms)
		ReleaseScriptCaches (0ms)
		RebuildScriptCaches (0ms)
		SetupLoadedEditorAssemblies (872ms)
			LogAssemblyErrors (0ms)
			InitializePlatformSupportModulesInManaged (3ms)
			SetLoadedEditorAssemblies (6ms)
			BeforeProcessingInitializeOnLoad (205ms)
			ProcessInitializeOnLoadAttributes (584ms)
			ProcessInitializeOnLoadMethodAttributes (67ms)
			AfterProcessingInitializeOnLoad (7ms)
			EditorAssembliesLoaded (0ms)
		ExecutionOrderSort2 (0ms)
		AwakeInstancesAfterBackupRestoration (6ms)
Launched and connected shader compiler UnityShaderCompiler.exe after 0.02 seconds
Refreshing native plugins compatible for Editor in 1.33 ms, found 3 plugins.
Preloading 0 native plugins for Editor in 0.00 ms.
Unloading 22 Unused Serialized files (Serialized files now loaded: 0)
Unloading 6824 unused Assets / (6.3 MB). Loaded Objects now: 7712.
Memory consumption went from 188.6 MB to 182.3 MB.
Total: 20.063400 ms (FindLiveObjects: 1.471700 ms CreateObjectMapping: 1.653600 ms MarkObjects: 11.632400 ms  DeleteObjects: 5.303400 ms)

========================================================================
Received Import Request.
  Time since last request: 7771.606939 seconds.
  path: Assets/Samples/Visual Effect Graph/17.3.0/Learning Templates/Shaders/SG_Candle.shadergraph
  artifactKey: Guid(a23d86af6046bcc46a9ff91c1be29abf) Importer(2089858483,b0f066a214c2f5e87bad3c948f4d605d)
Start importing Assets/Samples/Visual Effect Graph/17.3.0/Learning Templates/Shaders/SG_Candle.shadergraph using Guid(a23d86af6046bcc46a9ff91c1be29abf) Importer(2089858483,b0f066a214c2f5e87bad3c948f4d605d) (ScriptedImporter) -> (artifact id: '39e5e6e5eb6253a5b33cc861d5aaf14c') in 0.2429683 seconds
Number of updated asset objects reloaded before import = 0Number of asset objects unloaded after import = 5

========================================================================
Received Import Request.
  Time since last request: 0.053289 seconds.
  path: Assets/Samples/Visual Effect Graph/17.3.0/Learning Templates/VFX/FlipbookMode.vfx
  artifactKey: Guid(aa3d09e97ddac6c4e84b08e738fc4a79) Importer(2089858483,b0f066a214c2f5e87bad3c948f4d605d)
Start importing Assets/Samples/Visual Effect Graph/17.3.0/Learning Templates/VFX/FlipbookMode.vfx using Guid(aa3d09e97ddac6c4e84b08e738fc4a79) Importer(2089858483,b0f066a214c2f5e87bad3c948f4d605d) (ScriptedImporter) -> (artifact id: 'c918b4083ec820cbf4eba673c2218bcf') in 0.0524296 seconds
Number of updated asset objects reloaded before import = 0Number of asset objects unloaded after import = 16

========================================================================
Received Import Request.
  Time since last request: 0.000029 seconds.
  path: Assets/Samples/Visual Effect Graph/17.3.0/Learning Templates/VFX/MultiStripGPUEvents.vfx
  artifactKey: Guid(09e4dfff658c863459dc084250a47a15) Importer(2089858483,b0f066a214c2f5e87bad3c948f4d605d)
Start importing Assets/Samples/Visual Effect Graph/17.3.0/Learning Templates/VFX/MultiStripGPUEvents.vfx using Guid(09e4dfff658c863459dc084250a47a15) Importer(2089858483,b0f066a214c2f5e87bad3c948f4d605d) (ScriptedImporter) -> (artifact id: '609dcbbf311b8e8f62b098ce52205362') in 0.0512368 seconds
Number of updated asset objects reloaded before import = 0Number of asset objects unloaded after import = 17

========================================================================
Received Import Request.
  Time since last request: 0.234180 seconds.
  path: Assets/Samples/Visual Effect Graph/17.3.0/Learning Templates/Prefabs/VFXG/Multi-Strips GPU-Event.prefab
  artifactKey: Guid(01826727a168a334c8d8c8d3286dfcfa) Importer(2089858483,b0f066a214c2f5e87bad3c948f4d605d)
Start importing Assets/Samples/Visual Effect Graph/17.3.0/Learning Templates/Prefabs/VFXG/Multi-Strips GPU-Event.prefab using Guid(01826727a168a334c8d8c8d3286dfcfa) Importer(2089858483,b0f066a214c2f5e87bad3c948f4d605d) (ScriptedImporter) -> (artifact id: '118e7f9e4f2b32c2113f2162ecb8f96a') in 0.0730169 seconds
Number of updated asset objects reloaded before import = 0Number of asset objects unloaded after import = 253

========================================================================
Received Import Request.
  Time since last request: 0.000023 seconds.
  path: Assets/Samples/Visual Effect Graph/17.3.0/Learning Templates/Prefabs/TurntableWithBackdrop_VFX.prefab
  artifactKey: Guid(d7dbe18fcb282dd43b254ce6dacb970b) Importer(2089858483,b0f066a214c2f5e87bad3c948f4d605d)
Start importing Assets/Samples/Visual Effect Graph/17.3.0/Learning Templates/Prefabs/TurntableWithBackdrop_VFX.prefab using Guid(d7dbe18fcb282dd43b254ce6dacb970b) Importer(2089858483,b0f066a214c2f5e87bad3c948f4d605d) (ScriptedImporter) -> (artifact id: '48ef02a28d58fdc43ebd3753a46297a5') in 0.026475 seconds
Number of updated asset objects reloaded before import = 0Number of asset objects unloaded after import = 58

========================================================================
Received Import Request.
  Time since last request: 0.275515 seconds.
  path: Assets/Samples/Visual Effect Graph/17.3.0/Learning Templates/Shaders/SG_MushRoomHead.shadergraph
  artifactKey: Guid(03adba7ce78f0e345ace7ef4fb9911ff) Importer(2089858483,b0f066a214c2f5e87bad3c948f4d605d)
Start importing Assets/Samples/Visual Effect Graph/17.3.0/Learning Templates/Shaders/SG_MushRoomHead.shadergraph using Guid(03adba7ce78f0e345ace7ef4fb9911ff) Importer(2089858483,b0f066a214c2f5e87bad3c948f4d605d) (ScriptedImporter) -> (artifact id: '29fca6b0d653229abcaa25737ca2aeca') in 0.0257802 seconds
Number of updated asset objects reloaded before import = 0Number of asset objects unloaded after import = 7

========================================================================
Received Import Request.
  Time since last request: 0.000026 seconds.
  path: Assets/Samples/Visual Effect Graph/17.3.0/Learning Templates/Prefabs/VFXG/Multiple Outputs.prefab
  artifactKey: Guid(eebc6455237c7314b9342f9e212e0d6a) Importer(2089858483,b0f066a214c2f5e87bad3c948f4d605d)
Start importing Assets/Samples/Visual Effect Graph/17.3.0/Learning Templates/Prefabs/VFXG/Multiple Outputs.prefab using Guid(eebc6455237c7314b9342f9e212e0d6a) Importer(2089858483,b0f066a214c2f5e87bad3c948f4d605d) (ScriptedImporter) -> (artifact id: 'ace3ad557514859da61735b8f6cdee67') in 0.0274117 seconds
Number of updated asset objects reloaded before import = 0Number of asset objects unloaded after import = 246

========================================================================
Received Import Request.
  Time since last request: 0.000028 seconds.
  path: Assets/Samples/Visual Effect Graph/17.3.0/Learning Templates/VFX/BoundsGizmo.vfx
  artifactKey: Guid(f023ef5f170adc34180abdbd65838179) Importer(2089858483,b0f066a214c2f5e87bad3c948f4d605d)
Start importing Assets/Samples/Visual Effect Graph/17.3.0/Learning Templates/VFX/BoundsGizmo.vfx using Guid(f023ef5f170adc34180abdbd65838179) Importer(2089858483,b0f066a214c2f5e87bad3c948f4d605d) (ScriptedImporter) -> (artifact id: '0a8ab1bcbbfc493470b280abf913ef69') in 0.0184648 seconds
Number of updated asset objects reloaded before import = 0Number of asset objects unloaded after import = 6

========================================================================
Received Import Request.
  Time since last request: 0.263903 seconds.
  path: Assets/Samples/Visual Effect Graph/17.3.0/Learning Templates/Meshes/ST_Eye_Monster.fbx
  artifactKey: Guid(83aa1803a222fff43a016070240b64f3) Importer(2089858483,b0f066a214c2f5e87bad3c948f4d605d)
Start importing Assets/Samples/Visual Effect Graph/17.3.0/Learning Templates/Meshes/ST_Eye_Monster.fbx using Guid(83aa1803a222fff43a016070240b64f3) Importer(2089858483,b0f066a214c2f5e87bad3c948f4d605d) (ScriptedImporter) -> (artifact id: '95a9b96986f2547ae8b66b4d964ae624') in 0.0613136 seconds
Number of updated asset objects reloaded before import = 0Number of asset objects unloaded after import = 9

========================================================================
Received Import Request.
  Time since last request: 0.000023 seconds.
  path: Assets/Samples/Visual Effect Graph/17.3.0/Learning Templates/Prefabs/VFXG/Strip Properties.prefab
  artifactKey: Guid(0bdb812ac44b5d043a23d6208f6ab07c) Importer(2089858483,b0f066a214c2f5e87bad3c948f4d605d)
Start importing Assets/Samples/Visual Effect Graph/17.3.0/Learning Templates/Prefabs/VFXG/Strip Properties.prefab using Guid(0bdb812ac44b5d043a23d6208f6ab07c) Importer(2089858483,b0f066a214c2f5e87bad3c948f4d605d) (ScriptedImporter) -> (artifact id: '99bb5197f5fe3324e7e4e0aea0806720') in 0.0302838 seconds
Number of updated asset objects reloaded before import = 0Number of asset objects unloaded after import = 255

========================================================================
Received Import Request.
  Time since last request: 0.307328 seconds.
  path: Assets/Samples/Visual Effect Graph/17.3.0/Learning Templates/Thumbnails/Thumb_Strip_Gpu.png
  artifactKey: Guid(9ffdc5aacc959004da707eadc155e7ef) Importer(2089858483,b0f066a214c2f5e87bad3c948f4d605d)
Start importing Assets/Samples/Visual Effect Graph/17.3.0/Learning Templates/Thumbnails/Thumb_Strip_Gpu.png using Guid(9ffdc5aacc959004da707eadc155e7ef) Importer(2089858483,b0f066a214c2f5e87bad3c948f4d605d) (ScriptedImporter) -> (artifact id: '1f560e654881f99c736f57cdafa70125') in 0.0525366 seconds
Number of updated asset objects reloaded before import = 0Number of asset objects unloaded after import = 1

========================================================================
Received Import Request.
  Time since last request: 0.000025 seconds.
  path: Assets/Samples/Visual Effect Graph/17.3.0/Learning Templates/Shaders/SG_Eyes_XSRP.shadergraph
  artifactKey: Guid(ef96eedf8e05b7149bc57885fb34e62e) Importer(2089858483,b0f066a214c2f5e87bad3c948f4d605d)
Start importing Assets/Samples/Visual Effect Graph/17.3.0/Learning Templates/Shaders/SG_Eyes_XSRP.shadergraph using Guid(ef96eedf8e05b7149bc57885fb34e62e) Importer(2089858483,b0f066a214c2f5e87bad3c948f4d605d) (ScriptedImporter) -> (artifact id: '20bbaa21cdd8d30bdb17794bd307efb3') in 0.0203823 seconds
Number of updated asset objects reloaded before import = 0Number of asset objects unloaded after import = 5

========================================================================
Received Import Request.
  Time since last request: 0.313597 seconds.
  path: Assets/Samples/Visual Effect Graph/17.3.0/Learning Templates/Textures/TX_Flipbook_example.tga
  artifactKey: Guid(b6e2f9ac9f6c0914aa7d0ba32f741eeb) Importer(2089858483,b0f066a214c2f5e87bad3c948f4d605d)
Start importing Assets/Samples/Visual Effect Graph/17.3.0/Learning Templates/Textures/TX_Flipbook_example.tga using Guid(b6e2f9ac9f6c0914aa7d0ba32f741eeb) Importer(2089858483,b0f066a214c2f5e87bad3c948f4d605d) (ScriptedImporter) -> (artifact id: 'e38c8bdbb179c8cd3199aa03bb638db3') in 0.0285675 seconds
Number of updated asset objects reloaded before import = 0Number of asset objects unloaded after import = 1

========================================================================
Received Import Request.
  Time since last request: 0.000015 seconds.
  path: Assets/Samples/Visual Effect Graph/17.3.0/Learning Templates/Shaders/M_SoundSystem.mat
  artifactKey: Guid(47bca4c71d319354387bb396122663e4) Importer(2089858483,b0f066a214c2f5e87bad3c948f4d605d)
Start importing Assets/Samples/Visual Effect Graph/17.3.0/Learning Templates/Shaders/M_SoundSystem.mat using Guid(47bca4c71d319354387bb396122663e4) Importer(2089858483,b0f066a214c2f5e87bad3c948f4d605d) (ScriptedImporter) -> (artifact id: '9697b191d3057763cbcdb48bbac3f83d') in 0.0185784 seconds
Number of updated asset objects reloaded before import = 0Number of asset objects unloaded after import = 7

========================================================================
Received Import Request.
  Time since last request: 0.336574 seconds.
  path: Assets/Samples/Visual Effect Graph/17.3.0/Learning Templates/Thumbnails/Thumb_Flipbook Mode.png
  artifactKey: Guid(519de46f323653c4ba92a6e1c1ac56df) Importer(2089858483,b0f066a214c2f5e87bad3c948f4d605d)
Start importing Assets/Samples/Visual Effect Graph/17.3.0/Learning Templates/Thumbnails/Thumb_Flipbook Mode.png using Guid(519de46f323653c4ba92a6e1c1ac56df) Importer(2089858483,b0f066a214c2f5e87bad3c948f4d605d) (ScriptedImporter) -> (artifact id: '47cce3aceba1e15d997e5023fbd2c77c') in 0.020196 seconds
Number of updated asset objects reloaded before import = 0Number of asset objects unloaded after import = 1

========================================================================
Received Import Request.
  Time since last request: 0.000026 seconds.
  path: Assets/Samples/Visual Effect Graph/17.3.0/Learning Templates/Prefabs/VFXG/Multi-Strip Single Burst.prefab
  artifactKey: Guid(feb637fe12022d74092c99f5541d3ae7) Importer(2089858483,b0f066a214c2f5e87bad3c948f4d605d)
Start importing Assets/Samples/Visual Effect Graph/17.3.0/Learning Templates/Prefabs/VFXG/Multi-Strip Single Burst.prefab using Guid(feb637fe12022d74092c99f5541d3ae7) Importer(2089858483,b0f066a214c2f5e87bad3c948f4d605d) (ScriptedImporter) -> (artifact id: '1fae4aeb2c8db4efe70c23546e4bf2af') in 0.0259239 seconds
Number of updated asset objects reloaded before import = 0Number of asset objects unloaded after import = 245

========================================================================
Received Import Request.
  Time since last request: 0.355154 seconds.
  path: Assets/Samples/Visual Effect Graph/17.3.0/Learning Templates/Prefabs/VFXG/Collision Advanced.prefab
  artifactKey: Guid(87f78a0aa2642774ea793b42f5984c6a) Importer(2089858483,b0f066a214c2f5e87bad3c948f4d605d)
Start importing Assets/Samples/Visual Effect Graph/17.3.0/Learning Templates/Prefabs/VFXG/Collision Advanced.prefab using Guid(87f78a0aa2642774ea793b42f5984c6a) Importer(2089858483,b0f066a214c2f5e87bad3c948f4d605d) (ScriptedImporter) -> (artifact id: 'ac47533bbe9c495544edb0957a3ffcd9') in 0.0325568 seconds
Number of updated asset objects reloaded before import = 0Number of asset objects unloaded after import = 264

========================================================================
Received Import Request.
  Time since last request: 0.000021 seconds.
  path: Assets/Samples/Visual Effect Graph/17.3.0/Learning Templates/Shaders/SG_Stems.shadergraph
  artifactKey: Guid(6df259dd21280e54c9b590667515582f) Importer(2089858483,b0f066a214c2f5e87bad3c948f4d605d)
Start importing Assets/Samples/Visual Effect Graph/17.3.0/Learning Templates/Shaders/SG_Stems.shadergraph using Guid(6df259dd21280e54c9b590667515582f) Importer(2089858483,b0f066a214c2f5e87bad3c948f4d605d) (ScriptedImporter) -> (artifact id: '25fccbd6260accfe05b1dccf71268a93') in 0.0204891 seconds
Number of updated asset objects reloaded before import = 0Number of asset objects unloaded after import = 6

========================================================================
Received Import Request.
  Time since last request: 0.356940 seconds.
  path: Assets/Samples/Scriptable Render Pipeline Core/17.3.0/Common/Materials/Shaders/SamplesCrossLit.shadergraph
  artifactKey: Guid(181d9f8961a46b84fa2b2acfc30cdf9c) Importer(2089858483,b0f066a214c2f5e87bad3c948f4d605d)
Start importing Assets/Samples/Scriptable Render Pipeline Core/17.3.0/Common/Materials/Shaders/SamplesCrossLit.shadergraph using Guid(181d9f8961a46b84fa2b2acfc30cdf9c) Importer(2089858483,b0f066a214c2f5e87bad3c948f4d605d) (ScriptedImporter) -> (artifact id: '33affb0415917c6945e68d58d05c2613') in 0.2091367 seconds
Number of updated asset objects reloaded before import = 0Number of asset objects unloaded after import = 6

========================================================================
Received Import Request.
  Time since last request: 0.000031 seconds.
  path: Assets/Samples/Visual Effect Graph/17.3.0/Common/Prefabs/VFX_SceneTemplate_AbstractBlue_URP.prefab
  artifactKey: Guid(63ef69b6e69aad54ea304569805239cb) Importer(2089858483,b0f066a214c2f5e87bad3c948f4d605d)
Start importing Assets/Samples/Visual Effect Graph/17.3.0/Common/Prefabs/VFX_SceneTemplate_AbstractBlue_URP.prefab using Guid(63ef69b6e69aad54ea304569805239cb) Importer(2089858483,b0f066a214c2f5e87bad3c948f4d605d) (ScriptedImporter) -> (artifact id: 'f24a415745f45e7dc265168ca843fcf2') in 0.0185742 seconds
Number of updated asset objects reloaded before import = 0Number of asset objects unloaded after import = 28

========================================================================
Received Import Request.
  Time since last request: 0.000042 seconds.
  path: Assets/Samples/Visual Effect Graph/17.3.0/Common/Shaders/SG_Chomper.shadergraph
  artifactKey: Guid(e7f029a97806d4143833460134d16eac) Importer(2089858483,b0f066a214c2f5e87bad3c948f4d605d)
Start importing Assets/Samples/Visual Effect Graph/17.3.0/Common/Shaders/SG_Chomper.shadergraph using Guid(e7f029a97806d4143833460134d16eac) Importer(2089858483,b0f066a214c2f5e87bad3c948f4d605d) (ScriptedImporter) -> (artifact id: '8c3895de7e9ec38b64450d92c5b78992') in 0.0198772 seconds
Number of updated asset objects reloaded before import = 0Number of asset objects unloaded after import = 8

========================================================================
Received Import Request.
  Time since last request: 0.000025 seconds.
  path: Assets/Samples/Scriptable Render Pipeline Core/17.3.0/Common/Prefabs/Presentation/Backdrop.prefab
  artifactKey: Guid(b65989cf76448c8499b08d6bc1143068) Importer(2089858483,b0f066a214c2f5e87bad3c948f4d605d)
Start importing Assets/Samples/Scriptable Render Pipeline Core/17.3.0/Common/Prefabs/Presentation/Backdrop.prefab using Guid(b65989cf76448c8499b08d6bc1143068) Importer(2089858483,b0f066a214c2f5e87bad3c948f4d605d) (ScriptedImporter) -> (artifact id: 'f0e6d86815bf23dc64441cd3e9ab2f51') in 0.0177207 seconds
Number of updated asset objects reloaded before import = 0Number of asset objects unloaded after import = 18

========================================================================
Received Import Request.
  Time since last request: 0.000021 seconds.
  path: Assets/Samples/Visual Effect Graph/17.3.0/Learning Templates/Prefabs/VFXG/Orient Fixed Axis.prefab
  artifactKey: Guid(1a6c43a48e42673409aa07b3b71ee93d) Importer(2089858483,b0f066a214c2f5e87bad3c948f4d605d)
Start importing Assets/Samples/Visual Effect Graph/17.3.0/Learning Templates/Prefabs/VFXG/Orient Fixed Axis.prefab using Guid(1a6c43a48e42673409aa07b3b71ee93d) Importer(2089858483,b0f066a214c2f5e87bad3c948f4d605d) (ScriptedImporter) -> (artifact id: '10fa68c67e77f4002ac73220168f424a') in 0.0307064 seconds
Number of updated asset objects reloaded before import = 0Number of asset objects unloaded after import = 247

========================================================================
Received Import Request.
  Time since last request: 0.000026 seconds.
  path: Assets/TextMesh Pro/Shaders/TMP_SDF.shader
  artifactKey: Guid(68e6db2ebdc24f95958faec2be5558d6) Importer(2089858483,b0f066a214c2f5e87bad3c948f4d605d)
Start importing Assets/TextMesh Pro/Shaders/TMP_SDF.shader using Guid(68e6db2ebdc24f95958faec2be5558d6) Importer(2089858483,b0f066a214c2f5e87bad3c948f4d605d) (ScriptedImporter) -> (artifact id: '1d7261ba89b3efb4ae707de6730af281') in 0.015381 seconds
Number of updated asset objects reloaded before import = 0Number of asset objects unloaded after import = 1

========================================================================
Received Import Request.
  Time since last request: 0.000025 seconds.
  path: Assets/TextMesh Pro/Shaders/TMPro_Properties.cginc
  artifactKey: Guid(3997e2241185407d80309a82f9148466) Importer(2089858483,b0f066a214c2f5e87bad3c948f4d605d)
Start importing Assets/TextMesh Pro/Shaders/TMPro_Properties.cginc using Guid(3997e2241185407d80309a82f9148466) Importer(2089858483,b0f066a214c2f5e87bad3c948f4d605d) (ScriptedImporter) -> (artifact id: 'daba7f635ae1a18353c161002eec96a3') in 0.0147389 seconds
Number of updated asset objects reloaded before import = 0Number of asset objects unloaded after import = 1

========================================================================
Received Import Request.
  Time since last request: 0.000013 seconds.
  path: Assets/TextMesh Pro/Fonts
  artifactKey: Guid(6ab70aee4d56447429c680537fbf93ed) Importer(2089858483,b0f066a214c2f5e87bad3c948f4d605d)
Start importing Assets/TextMesh Pro/Fonts using Guid(6ab70aee4d56447429c680537fbf93ed) Importer(2089858483,b0f066a214c2f5e87bad3c948f4d605d) (ScriptedImporter) -> (artifact id: '9a34351174f86d749c89daf77d06de01') in 0.0169013 seconds
Number of updated asset objects reloaded before import = 0Number of asset objects unloaded after import = 1

========================================================================
Received Import Request.
  Time since last request: 0.000014 seconds.
  path: Assets/Samples/Visual Effect Graph/17.3.0/Learning Templates/Thumbnails/Thumb_Collision Simple.png
  artifactKey: Guid(de6ccea3a4ae74245b8f069b29a51210) Importer(2089858483,b0f066a214c2f5e87bad3c948f4d605d)
Start importing Assets/Samples/Visual Effect Graph/17.3.0/Learning Templates/Thumbnails/Thumb_Collision Simple.png using Guid(de6ccea3a4ae74245b8f069b29a51210) Importer(2089858483,b0f066a214c2f5e87bad3c948f4d605d) (ScriptedImporter) -> (artifact id: '1861b2bb80f211dc9b54cdc0e2e2bd5d') in 0.0199325 seconds
Number of updated asset objects reloaded before import = 0Number of asset objects unloaded after import = 1

========================================================================
Received Import Request.
  Time since last request: 0.000021 seconds.
  path: Assets/TextMesh Pro/Fonts/LiberationSans - OFL.txt
  artifactKey: Guid(6e59c59b81ab47f9b6ec5781fa725d2c) Importer(2089858483,b0f066a214c2f5e87bad3c948f4d605d)
Start importing Assets/TextMesh Pro/Fonts/LiberationSans - OFL.txt using Guid(6e59c59b81ab47f9b6ec5781fa725d2c) Importer(2089858483,b0f066a214c2f5e87bad3c948f4d605d) (ScriptedImporter) -> (artifact id: '9b5a55be7a4e6d1088bc6a6bd7d03892') in 0.0129833 seconds
Number of updated asset objects reloaded before import = 0Number of asset objects unloaded after import = 1

========================================================================
Received Import Request.
  Time since last request: 0.000020 seconds.
  path: Assets/Samples/Visual Effect Graph/17.3.0/Common/Prefabs/VFX_URP_Camera.prefab
  artifactKey: Guid(719615f492dfced46be67a250bc49568) Importer(2089858483,b0f066a214c2f5e87bad3c948f4d605d)
Start importing Assets/Samples/Visual Effect Graph/17.3.0/Common/Prefabs/VFX_URP_Camera.prefab using Guid(719615f492dfced46be67a250bc49568) Importer(2089858483,b0f066a214c2f5e87bad3c948f4d605d) (ScriptedImporter) -> (artifact id: 'cbb87aaf47d877904e89b01ea485c76c') in 0.0354436 seconds
Number of updated asset objects reloaded before import = 0Number of asset objects unloaded after import = 8

========================================================================
Received Import Request.
  Time since last request: 0.000030 seconds.
  path: Assets/Samples/Scriptable Render Pipeline Core/17.3.0/Common/Prefabs/UnityBall/UnityMaterialBall_Gold.prefab
  artifactKey: Guid(45917c7d5543b774894963f1abc77d43) Importer(2089858483,b0f066a214c2f5e87bad3c948f4d605d)
Start importing Assets/Samples/Scriptable Render Pipeline Core/17.3.0/Common/Prefabs/UnityBall/UnityMaterialBall_Gold.prefab using Guid(45917c7d5543b774894963f1abc77d43) Importer(2089858483,b0f066a214c2f5e87bad3c948f4d605d) (ScriptedImporter) -> (artifact id: '61796d8444ff4e17b4089a05b4363646') in 0.0202674 seconds
Number of updated asset objects reloaded before import = 0Number of asset objects unloaded after import = 63

========================================================================
Received Import Request.
  Time since last request: 0.000021 seconds.
  path: Assets/Samples/Scriptable Render Pipeline Core/17.3.0/Common/Materials/Shaders/SamplesBackdrop.shadergraph
  artifactKey: Guid(137a9d0b49032c544abaff345d2c4f5c) Importer(2089858483,b0f066a214c2f5e87bad3c948f4d605d)
Start importing Assets/Samples/Scriptable Render Pipeline Core/17.3.0/Common/Materials/Shaders/SamplesBackdrop.shadergraph using Guid(137a9d0b49032c544abaff345d2c4f5c) Importer(2089858483,b0f066a214c2f5e87bad3c948f4d605d) (ScriptedImporter) -> (artifact id: '3ad55284405bc93cfb79df611e68805d') in 0.1953157 seconds
Number of updated asset objects reloaded before import = 0Number of asset objects unloaded after import = 6

========================================================================
Received Import Request.
  Time since last request: 0.000029 seconds.
  path: Assets/TextMesh Pro/Shaders/TMP_SDF-HDRP UNLIT.shadergraph
  artifactKey: Guid(f63d574838ccfb44f84acc05fed0af48) Importer(2089858483,b0f066a214c2f5e87bad3c948f4d605d)
Start importing Assets/TextMesh Pro/Shaders/TMP_SDF-HDRP UNLIT.shadergraph using Guid(f63d574838ccfb44f84acc05fed0af48) Importer(2089858483,b0f066a214c2f5e87bad3c948f4d605d) (ScriptedImporter) -> (artifact id: '3cb30b73299cfea42ad488f26ab88f6a') in 0.0200638 seconds
Number of updated asset objects reloaded before import = 0Number of asset objects unloaded after import = 3

========================================================================
Received Import Request.
  Time since last request: 0.000023 seconds.
  path: Assets/TextMesh Pro/Shaders/TMP_SDF-Mobile-2-Pass.shader
  artifactKey: Guid(0178fcb869bafef4690d177d31d17db8) Importer(2089858483,b0f066a214c2f5e87bad3c948f4d605d)
Start importing Assets/TextMesh Pro/Shaders/TMP_SDF-Mobile-2-Pass.shader using Guid(0178fcb869bafef4690d177d31d17db8) Importer(2089858483,b0f066a214c2f5e87bad3c948f4d605d) (ScriptedImporter) -> (artifact id: '2cfcb62378d572b69e5c97bab450b446') in 0.0158024 seconds
Number of updated asset objects reloaded before import = 0Number of asset objects unloaded after import = 1

========================================================================
Received Import Request.
  Time since last request: 0.000017 seconds.
  path: Assets/TextMesh Pro/Shaders/TMP_SDF Overlay.shader
  artifactKey: Guid(dd89cf5b9246416f84610a006f916af7) Importer(2089858483,b0f066a214c2f5e87bad3c948f4d605d)
Start importing Assets/TextMesh Pro/Shaders/TMP_SDF Overlay.shader using Guid(dd89cf5b9246416f84610a006f916af7) Importer(2089858483,b0f066a214c2f5e87bad3c948f4d605d) (ScriptedImporter) -> (artifact id: '06f0b3b76e66eec5ee5d3ddcacbea125') in 0.0142625 seconds
Number of updated asset objects reloaded before import = 0Number of asset objects unloaded after import = 1

========================================================================
Received Import Request.
  Time since last request: 0.000023 seconds.
  path: Assets/Samples/Scriptable Render Pipeline Core/17.3.0/Common/Scripts/SamplesFreeCamera.cs
  artifactKey: Guid(1fe00788be8798d4b88e0c4d7ef81378) Importer(2089858483,b0f066a214c2f5e87bad3c948f4d605d)
Start importing Assets/Samples/Scriptable Render Pipeline Core/17.3.0/Common/Scripts/SamplesFreeCamera.cs using Guid(1fe00788be8798d4b88e0c4d7ef81378) Importer(2089858483,b0f066a214c2f5e87bad3c948f4d605d) (ScriptedImporter) -> (artifact id: '179d64b7480654b69f0a9cb2444d1cd5') in 0.0165201 seconds
Number of updated asset objects reloaded before import = 0Number of asset objects unloaded after import = 0

========================================================================
Received Import Request.
  Time since last request: 0.000025 seconds.
  path: Assets/Samples/Scriptable Render Pipeline Core/17.3.0/Common/Scripts/Resources/SamplesSelectionUSS.uss
  artifactKey: Guid(dace8ee3f59c99149ad4c1db64b635fe) Importer(2089858483,b0f066a214c2f5e87bad3c948f4d605d)
Start importing Assets/Samples/Scriptable Render Pipeline Core/17.3.0/Common/Scripts/Resources/SamplesSelectionUSS.uss using Guid(dace8ee3f59c99149ad4c1db64b635fe) Importer(2089858483,b0f066a214c2f5e87bad3c948f4d605d) (ScriptedImporter) -> (artifact id: 'a5afdc754668be6fc6b7ac620cdaeb2e') in 0.0243965 seconds
Number of updated asset objects reloaded before import = 0Number of asset objects unloaded after import = 1

========================================================================
Received Import Request.
  Time since last request: 0.000026 seconds.
  path: Assets/Samples/Visual Effect Graph/17.3.0/Learning Templates/Meshes/ST_Hand.fbx
  artifactKey: Guid(7821f9f8b5f886d448cd690ecce63f39) Importer(2089858483,b0f066a214c2f5e87bad3c948f4d605d)
Start importing Assets/Samples/Visual Effect Graph/17.3.0/Learning Templates/Meshes/ST_Hand.fbx using Guid(7821f9f8b5f886d448cd690ecce63f39) Importer(2089858483,b0f066a214c2f5e87bad3c948f4d605d) (ScriptedImporter) -> (artifact id: 'e33fe27889a0ed7b5fabe34fadc48d1f') in 0.0204794 seconds
Number of updated asset objects reloaded before import = 0Number of asset objects unloaded after import = 7

========================================================================
Received Import Request.
  Time since last request: 0.277631 seconds.
  path: Assets/Samples/Visual Effect Graph/17.3.0/Learning Templates/Thumbnails/Thumb_Trigger Event Advanced.png
  artifactKey: Guid(af98832125f677e4abbc689a14b778b9) Importer(2089858483,b0f066a214c2f5e87bad3c948f4d605d)
Start importing Assets/Samples/Visual Effect Graph/17.3.0/Learning Templates/Thumbnails/Thumb_Trigger Event Advanced.png using Guid(af98832125f677e4abbc689a14b778b9) Importer(2089858483,b0f066a214c2f5e87bad3c948f4d605d) (ScriptedImporter) -> (artifact id: '7ff10fc2036fcef198dcfc73ee9f6a74') in 0.0256499 seconds
Number of updated asset objects reloaded before import = 0Number of asset objects unloaded after import = 1

========================================================================
Received Import Request.
  Time since last request: 1.438530 seconds.
  path: Assets/Samples/Visual Effect Graph/17.3.0/Learning Templates/Thumbnails/Thumb_Bounds.png
  artifactKey: Guid(ebac51e649dc3cd418ec7486775452ad) Importer(2089858483,b0f066a214c2f5e87bad3c948f4d605d)
Start importing Assets/Samples/Visual Effect Graph/17.3.0/Learning Templates/Thumbnails/Thumb_Bounds.png using Guid(ebac51e649dc3cd418ec7486775452ad) Importer(2089858483,b0f066a214c2f5e87bad3c948f4d605d) (ScriptedImporter) -> (artifact id: 'fbf39257d72c87d4f620e9ddb8f62848') in 0.0218568 seconds
Number of updated asset objects reloaded before import = 0Number of asset objects unloaded after import = 1

========================================================================
Received Import Request.
  Time since last request: 0.439389 seconds.
  path: Assets/Samples/Visual Effect Graph/17.3.0/Learning Templates/Scenes/URP_VFX_Learning_Templates/ReflectionProbe-0.exr
  artifactKey: Guid(b3a49846d72d43945a3925f63e416c20) Importer(2089858483,b0f066a214c2f5e87bad3c948f4d605d)
Start importing Assets/Samples/Visual Effect Graph/17.3.0/Learning Templates/Scenes/URP_VFX_Learning_Templates/ReflectionProbe-0.exr using Guid(b3a49846d72d43945a3925f63e416c20) Importer(2089858483,b0f066a214c2f5e87bad3c948f4d605d) (ScriptedImporter) -> (artifact id: '1d9c8efcfd01ac29cb8fc72e55298443') in 0.0258951 seconds
Number of updated asset objects reloaded before import = 0Number of asset objects unloaded after import = 1

========================================================================
Received Import Request.
  Time since last request: 941.778276 seconds.
  path: Assets/Samples/Scriptable Render Pipeline Core/17.3.0/Common/TextMesh Pro/Resources/Fonts & Materials/Inter-Regular.otf
  artifactKey: Guid(257ad62994dff0e41a952da8c10ef51d) Importer(815301076,1909f56bfc062723c751e8b465ee728b)
Start importing Assets/Samples/Scriptable Render Pipeline Core/17.3.0/Common/TextMesh Pro/Resources/Fonts & Materials/Inter-Regular.otf using Guid(257ad62994dff0e41a952da8c10ef51d) Importer(815301076,1909f56bfc062723c751e8b465ee728b) (PreviewImporter) -> (artifact id: '006e89bcf22e2da631c2583ef03b19c0') in 0.5592607 seconds
Number of updated asset objects reloaded before import = 0Number of asset objects unloaded after import = 4

========================================================================
Received Import Request.
  Time since last request: 0.000072 seconds.
  path: Assets/Samples/Visual Effect Graph/17.3.0/Learning Templates/Thumbnails/Thumb_MultiStrip_SpawnRate.png
  artifactKey: Guid(fe70339a289765e48b1d8950b4737299) Importer(815301076,1909f56bfc062723c751e8b465ee728b)
Start importing Assets/Samples/Visual Effect Graph/17.3.0/Learning Templates/Thumbnails/Thumb_MultiStrip_SpawnRate.png using Guid(fe70339a289765e48b1d8950b4737299) Importer(815301076,1909f56bfc062723c751e8b465ee728b) (PreviewImporter) -> (artifact id: '6cfa771d05e5227f0adf3391a2ff8268') in 0.0235978 seconds
Number of updated asset objects reloaded before import = 0Number of asset objects unloaded after import = 2

========================================================================
Received Import Request.
  Time since last request: 0.000044 seconds.
  path: Assets/Samples/Visual Effect Graph/17.3.0/Learning Templates/Thumbnails/Thumb_FlipBookBlending.png
  artifactKey: Guid(952793e298fc73447af1c50dbaaeae35) Importer(815301076,1909f56bfc062723c751e8b465ee728b)
Start importing Assets/Samples/Visual Effect Graph/17.3.0/Learning Templates/Thumbnails/Thumb_FlipBookBlending.png using Guid(952793e298fc73447af1c50dbaaeae35) Importer(815301076,1909f56bfc062723c751e8b465ee728b) (PreviewImporter) -> (artifact id: 'cabdeab98c2489135eed2b7e6700bcf0') in 0.0196469 seconds
Number of updated asset objects reloaded before import = 0Number of asset objects unloaded after import = 2

========================================================================
Received Import Request.
  Time since last request: 0.000053 seconds.
  path: Assets/Samples/Scriptable Render Pipeline Core/17.3.0/Common/Textures/Samples_FractalNoises.png
  artifactKey: Guid(69883503249f7bb439f8d69205c55906) Importer(815301076,1909f56bfc062723c751e8b465ee728b)
Start importing Assets/Samples/Scriptable Render Pipeline Core/17.3.0/Common/Textures/Samples_FractalNoises.png using Guid(69883503249f7bb439f8d69205c55906) Importer(815301076,1909f56bfc062723c751e8b465ee728b) (PreviewImporter) -> (artifact id: '6f8129848e8983b0528db9f7c919b7fb') in 0.0240088 seconds
Number of updated asset objects reloaded before import = 0Number of asset objects unloaded after import = 2

========================================================================
Received Import Request.
  Time since last request: 0.000039 seconds.
  path: Assets/Samples/Visual Effect Graph/17.3.0/Learning Templates/Thumbnails/Thumb_Strip_Gpu.png
  artifactKey: Guid(9ffdc5aacc959004da707eadc155e7ef) Importer(815301076,1909f56bfc062723c751e8b465ee728b)
Start importing Assets/Samples/Visual Effect Graph/17.3.0/Learning Templates/Thumbnails/Thumb_Strip_Gpu.png using Guid(9ffdc5aacc959004da707eadc155e7ef) Importer(815301076,1909f56bfc062723c751e8b465ee728b) (PreviewImporter) -> (artifact id: '6fb5fc010195f8221ea1af33fe4c1529') in 0.0217412 seconds
Number of updated asset objects reloaded before import = 0Number of asset objects unloaded after import = 2

========================================================================
Received Import Request.
  Time since last request: 0.000038 seconds.
  path: Assets/TextMesh Pro/Resources/Fonts & Materials/LiberationSans SDF - Fallback.asset
  artifactKey: Guid(2e498d1c8094910479dc3e1b768306a4) Importer(815301076,1909f56bfc062723c751e8b465ee728b)
Start importing Assets/TextMesh Pro/Resources/Fonts & Materials/LiberationSans SDF - Fallback.asset using Guid(2e498d1c8094910479dc3e1b768306a4) Importer(815301076,1909f56bfc062723c751e8b465ee728b) (PreviewImporter) -> (artifact id: '12ad92565f1949a0c414b159d3096fa0') in 0.0421194 seconds
Number of updated asset objects reloaded before import = 0Number of asset objects unloaded after import = 6

========================================================================
Received Import Request.
  Time since last request: 0.000048 seconds.
  path: Assets/Samples/Visual Effect Graph/17.3.0/Learning Templates/Thumbnails/Thumb_Sample Skinned Mesh.png
  artifactKey: Guid(57b45e399d8fe394a98a5675906c287d) Importer(815301076,1909f56bfc062723c751e8b465ee728b)
Start importing Assets/Samples/Visual Effect Graph/17.3.0/Learning Templates/Thumbnails/Thumb_Sample Skinned Mesh.png using Guid(57b45e399d8fe394a98a5675906c287d) Importer(815301076,1909f56bfc062723c751e8b465ee728b) (PreviewImporter) -> (artifact id: '080bd2f60ed63dd2b29306180f922bbe') in 0.0286167 seconds
Number of updated asset objects reloaded before import = 0Number of asset objects unloaded after import = 2

========================================================================
Received Import Request.
  Time since last request: 0.000039 seconds.
  path: Assets/Samples/Visual Effect Graph/17.3.0/Learning Templates/Thumbnails/Thumb_Multiple Outputs.png
  artifactKey: Guid(1ac2a2a6763112b4ea3929fb00f980ba) Importer(815301076,1909f56bfc062723c751e8b465ee728b)
Start importing Assets/Samples/Visual Effect Graph/17.3.0/Learning Templates/Thumbnails/Thumb_Multiple Outputs.png using Guid(1ac2a2a6763112b4ea3929fb00f980ba) Importer(815301076,1909f56bfc062723c751e8b465ee728b) (PreviewImporter) -> (artifact id: '02b11a04fa183661a10546caa521d18d') in 0.0217966 seconds
Number of updated asset objects reloaded before import = 0Number of asset objects unloaded after import = 2

========================================================================
Received Import Request.
  Time since last request: 0.000031 seconds.
  path: Assets/Samples/Visual Effect Graph/17.3.0/Learning Templates/Thumbnails/Thumb_MultiStrip_PeriodicBurst.png
  artifactKey: Guid(ae0d422301fa1ef47871f86b8c7f2ad4) Importer(815301076,1909f56bfc062723c751e8b465ee728b)
Start importing Assets/Samples/Visual Effect Graph/17.3.0/Learning Templates/Thumbnails/Thumb_MultiStrip_PeriodicBurst.png using Guid(ae0d422301fa1ef47871f86b8c7f2ad4) Importer(815301076,1909f56bfc062723c751e8b465ee728b) (PreviewImporter) -> (artifact id: 'f0f8d57138959c856871d2fd78239799') in 0.0280501 seconds
Number of updated asset objects reloaded before import = 0Number of asset objects unloaded after import = 2

========================================================================
Received Import Request.
  Time since last request: 0.000086 seconds.
  path: Assets/Samples/Visual Effect Graph/17.3.0/Learning Templates/Thumbnails/Thumb_Capacity.png
  artifactKey: Guid(4564276fcad6d6c4fba693a4a9552555) Importer(815301076,1909f56bfc062723c751e8b465ee728b)
Start importing Assets/Samples/Visual Effect Graph/17.3.0/Learning Templates/Thumbnails/Thumb_Capacity.png using Guid(4564276fcad6d6c4fba693a4a9552555) Importer(815301076,1909f56bfc062723c751e8b465ee728b) (PreviewImporter) -> (artifact id: 'ae7b327302cf6f6e8db71d6d81b18c3e') in 0.0198725 seconds
Number of updated asset objects reloaded before import = 0Number of asset objects unloaded after import = 2

========================================================================
Received Import Request.
  Time since last request: 0.000048 seconds.
  path: Assets/Samples/Visual Effect Graph/17.3.0/Learning Templates/Thumbnails/Thumb_Sample SDF.png
  artifactKey: Guid(a3c11027cf8e8584b96716d5079df100) Importer(815301076,1909f56bfc062723c751e8b465ee728b)
Start importing Assets/Samples/Visual Effect Graph/17.3.0/Learning Templates/Thumbnails/Thumb_Sample SDF.png using Guid(a3c11027cf8e8584b96716d5079df100) Importer(815301076,1909f56bfc062723c751e8b465ee728b) (PreviewImporter) -> (artifact id: 'd2826ae4a6d8ce0022444c29b4b36406') in 0.0347044 seconds
Number of updated asset objects reloaded before import = 0Number of asset objects unloaded after import = 2

========================================================================
Received Import Request.
  Time since last request: 0.000056 seconds.
  path: Assets/Samples/Visual Effect Graph/17.3.0/Learning Templates/Thumbnails/Thumb_Contexts & Data Flow.png
  artifactKey: Guid(7fe3e7cbc6de1f9479895e82ad729e23) Importer(815301076,1909f56bfc062723c751e8b465ee728b)
Start importing Assets/Samples/Visual Effect Graph/17.3.0/Learning Templates/Thumbnails/Thumb_Contexts & Data Flow.png using Guid(7fe3e7cbc6de1f9479895e82ad729e23) Importer(815301076,1909f56bfc062723c751e8b465ee728b) (PreviewImporter) -> (artifact id: '5f6e0c72b55f135de47557a10d0588ed') in 0.026832 seconds
Number of updated asset objects reloaded before import = 0Number of asset objects unloaded after import = 2

========================================================================
Received Import Request.
  Time since last request: 0.000041 seconds.
  path: Assets/Samples/Visual Effect Graph/17.3.0/Learning Templates/Thumbnails/Thumb_Orient Fixed Axis.png
  artifactKey: Guid(04febbab5a711e04aa699f6fd56723c8) Importer(815301076,1909f56bfc062723c751e8b465ee728b)
Start importing Assets/Samples/Visual Effect Graph/17.3.0/Learning Templates/Thumbnails/Thumb_Orient Fixed Axis.png using Guid(04febbab5a711e04aa699f6fd56723c8) Importer(815301076,1909f56bfc062723c751e8b465ee728b) (PreviewImporter) -> (artifact id: 'a733c6c784cde903fc2549752f08d249') in 0.0205179 seconds
Number of updated asset objects reloaded before import = 0Number of asset objects unloaded after import = 2

========================================================================
Received Import Request.
  Time since last request: 0.000037 seconds.
  path: Assets/Samples/Visual Effect Graph/17.3.0/Learning Templates/Thumbnails/Thumb_Rotation & Angle.png
  artifactKey: Guid(0fb02ec51733f84499bed29bbbb0b51e) Importer(815301076,1909f56bfc062723c751e8b465ee728b)
Start importing Assets/Samples/Visual Effect Graph/17.3.0/Learning Templates/Thumbnails/Thumb_Rotation & Angle.png using Guid(0fb02ec51733f84499bed29bbbb0b51e) Importer(815301076,1909f56bfc062723c751e8b465ee728b) (PreviewImporter) -> (artifact id: '32200a82d30c4c84d0db7f182dbaa64a') in 0.0191356 seconds
Number of updated asset objects reloaded before import = 0Number of asset objects unloaded after import = 2

========================================================================
Received Import Request.
  Time since last request: 0.000053 seconds.
  path: Assets/Samples/Visual Effect Graph/17.3.0/Learning Templates/Thumbnails/Thumb_Spawn Context.png
  artifactKey: Guid(92301f5ec2ae13446a380b57f6d3614f) Importer(815301076,1909f56bfc062723c751e8b465ee728b)
Start importing Assets/Samples/Visual Effect Graph/17.3.0/Learning Templates/Thumbnails/Thumb_Spawn Context.png using Guid(92301f5ec2ae13446a380b57f6d3614f) Importer(815301076,1909f56bfc062723c751e8b465ee728b) (PreviewImporter) -> (artifact id: 'bec050f16b5585f70e0cef41f1158b0c') in 0.0166184 seconds
Number of updated asset objects reloaded before import = 0Number of asset objects unloaded after import = 2

========================================================================
Received Import Request.
  Time since last request: 0.000022 seconds.
  path: Assets/Samples/Scriptable Render Pipeline Core/17.3.0/Common/TextMesh Pro/Resources/Fonts & Materials/Inter-Regular SDF.asset
  artifactKey: Guid(2f7116f10747a67409388e93052ae222) Importer(815301076,1909f56bfc062723c751e8b465ee728b)
Start importing Assets/Samples/Scriptable Render Pipeline Core/17.3.0/Common/TextMesh Pro/Resources/Fonts & Materials/Inter-Regular SDF.asset using Guid(2f7116f10747a67409388e93052ae222) Importer(815301076,1909f56bfc062723c751e8b465ee728b) (PreviewImporter) -> (artifact id: 'c9834e07d55fff89a16d9c91bb41c80b') in 3.2849138 seconds
Number of updated asset objects reloaded before import = 0Number of asset objects unloaded after import = 10

========================================================================
Received Import Request.
  Time since last request: 0.000029 seconds.
  path: Assets/Samples/Visual Effect Graph/17.3.0/Learning Templates/Textures/TX_Football_N.png
  artifactKey: Guid(b09e8b920a1f1b445a4b8efa99fbee9d) Importer(815301076,1909f56bfc062723c751e8b465ee728b)
Start importing Assets/Samples/Visual Effect Graph/17.3.0/Learning Templates/Textures/TX_Football_N.png using Guid(b09e8b920a1f1b445a4b8efa99fbee9d) Importer(815301076,1909f56bfc062723c751e8b465ee728b) (PreviewImporter) -> (artifact id: 'edb98e1cca64508005f9eb4f04dce584') in 0.0314059 seconds
Number of updated asset objects reloaded before import = 0Number of asset objects unloaded after import = 2

========================================================================
Received Import Request.
  Time since last request: 0.000040 seconds.
  path: Assets/Samples/Visual Effect Graph/17.3.0/Learning Templates/Textures/TX_Flipbook_Unity_A.png
  artifactKey: Guid(01d7a13dc63cbc547896083210981c07) Importer(815301076,1909f56bfc062723c751e8b465ee728b)
Start importing Assets/Samples/Visual Effect Graph/17.3.0/Learning Templates/Textures/TX_Flipbook_Unity_A.png using Guid(01d7a13dc63cbc547896083210981c07) Importer(815301076,1909f56bfc062723c751e8b465ee728b) (PreviewImporter) -> (artifact id: '6cdb1abad7335473359c2de7d74363ef') in 0.0090557 seconds
Number of updated asset objects reloaded before import = 0Number of asset objects unloaded after import = 2

========================================================================
Received Prepare
Begin MonoManager ReloadAssembly
[Licensing::Client] Successfully resolved entitlement details
[Licensing::Module] License group:
  Id: F4-6NBK-962Z-65HE-DAAA-XXXX
  Product: Unity Personal
  Type: ULF
  Expiration: Unlimited
[Licensing::Module] License group:
  Id: 18967464664749-UnityPersXXXX
  Product: Unity Personal
  Type: Assigned
  Expiration: Unlimited
- Loaded All Assemblies, in  0.833 seconds
Refreshing native plugins compatible for Editor in 0.79 ms, found 3 plugins.
Native extension for WindowsStandalone target not found
Native extension for WebGL target not found
[Package Manager] Failed to launch server process. Reason: Unity was launched with the -noUpm command-line argument
[Package Manager] Unable to send message (not connected to server process).
[Package Manager] Cannot connect to Unity Package Manager local server
ScheduleIndexationOnStartup MainProcess:False IndexOnStartup:True
Mono: successfully reloaded assembly
- Finished resetting the current domain, in  0.914 seconds
Domain Reload Profiling: 1746ms
	BeginReloadAssembly (250ms)
		ExecutionOrderSort (0ms)
		DisableScriptedObjects (17ms)
		BackupInstance (0ms)
		ReleaseScriptingObjects (0ms)
		CreateAndSetChildDomain (71ms)
	RebuildCommonClasses (33ms)
	RebuildNativeTypeToScriptingClass (15ms)
	initialDomainReloadingComplete (30ms)
	LoadAllAssembliesAndSetupDomain (503ms)
		LoadAssemblies (396ms)
		RebuildTransferFunctionScriptingTraits (0ms)
		AnalyzeDomain (209ms)
			TypeCache.Refresh (8ms)
				TypeCache.ScanAssembly (0ms)
			BuildScriptInfoCaches (184ms)
			ResolveRequiredComponents (12ms)
	FinalizeReload (915ms)
		ReleaseScriptCaches (0ms)
		RebuildScriptCaches (0ms)
		SetupLoadedEditorAssemblies (732ms)
			LogAssemblyErrors (0ms)
			InitializePlatformSupportModulesInManaged (2ms)
			SetLoadedEditorAssemblies (6ms)
			BeforeProcessingInitializeOnLoad (174ms)
			ProcessInitializeOnLoadAttributes (466ms)
			ProcessInitializeOnLoadMethodAttributes (77ms)
			AfterProcessingInitializeOnLoad (7ms)
			EditorAssembliesLoaded (0ms)
		ExecutionOrderSort2 (0ms)
		AwakeInstancesAfterBackupRestoration (18ms)
Refreshing native plugins compatible for Editor in 0.84 ms, found 3 plugins.
Preloading 0 native plugins for Editor in 0.00 ms.
Unloading 19 Unused Serialized files (Serialized files now loaded: 0)
Unloading 6823 unused Assets / (5.9 MB). Loaded Objects now: 7807.
Memory consumption went from 205.7 MB to 199.9 MB.
Total: 9.151500 ms (FindLiveObjects: 0.620400 ms CreateObjectMapping: 0.625000 ms MarkObjects: 5.402600 ms  DeleteObjects: 2.502100 ms)

Prepare: number of updated asset objects reloaded= 0
========================================================================
Received Prepare
Begin MonoManager ReloadAssembly
- Loaded All Assemblies, in  0.818 seconds
Refreshing native plugins compatible for Editor in 0.94 ms, found 3 plugins.
Native extension for WindowsStandalone target not found
Native extension for WebGL target not found
[Package Manager] Failed to launch server process. Reason: Unity was launched with the -noUpm command-line argument
[Package Manager] Unable to send message (not connected to server process).
[Package Manager] Cannot connect to Unity Package Manager local server
ScheduleIndexationOnStartup MainProcess:False IndexOnStartup:True
Mono: successfully reloaded assembly
- Finished resetting the current domain, in  0.991 seconds
Domain Reload Profiling: 1811ms
	BeginReloadAssembly (216ms)
		ExecutionOrderSort (0ms)
		DisableScriptedObjects (5ms)
		BackupInstance (0ms)
		ReleaseScriptingObjects (0ms)
		CreateAndSetChildDomain (47ms)
	RebuildCommonClasses (35ms)
	RebuildNativeTypeToScriptingClass (16ms)
	initialDomainReloadingComplete (30ms)
	LoadAllAssembliesAndSetupDomain (522ms)
		LoadAssemblies (395ms)
		RebuildTransferFunctionScriptingTraits (0ms)
		AnalyzeDomain (231ms)
			TypeCache.Refresh (11ms)
				TypeCache.ScanAssembly (0ms)
			BuildScriptInfoCaches (199ms)
			ResolveRequiredComponents (14ms)
	FinalizeReload (992ms)
		ReleaseScriptCaches (0ms)
		RebuildScriptCaches (0ms)
		SetupLoadedEditorAssemblies (808ms)
			LogAssemblyErrors (0ms)
			InitializePlatformSupportModulesInManaged (3ms)
			SetLoadedEditorAssemblies (8ms)
			BeforeProcessingInitializeOnLoad (205ms)
			ProcessInitializeOnLoadAttributes (511ms)
			ProcessInitializeOnLoadMethodAttributes (73ms)
			AfterProcessingInitializeOnLoad (7ms)
			EditorAssembliesLoaded (0ms)
		ExecutionOrderSort2 (0ms)
		AwakeInstancesAfterBackupRestoration (18ms)
Refreshing native plugins compatible for Editor in 0.85 ms, found 3 plugins.
Preloading 0 native plugins for Editor in 0.00 ms.
Unloading 18 Unused Serialized files (Serialized files now loaded: 0)
Unloading 6821 unused Assets / (5.6 MB). Loaded Objects now: 7810.
Memory consumption went from 205.3 MB to 199.7 MB.
Total: 10.665600 ms (FindLiveObjects: 0.960000 ms CreateObjectMapping: 0.888200 ms MarkObjects: 5.800500 ms  DeleteObjects: 3.015600 ms)

Prepare: number of updated asset objects reloaded= 0
========================================================================
Received Import Request.
  Time since last request: 248.321650 seconds.
  path: Assets/TextMesh Pro/Fonts/LiberationSans.ttf
  artifactKey: Guid(e3265ab4bf004d28a9537516768c1c75) Importer(815301076,1909f56bfc062723c751e8b465ee728b)
Start importing Assets/TextMesh Pro/Fonts/LiberationSans.ttf using Guid(e3265ab4bf004d28a9537516768c1c75) Importer(815301076,1909f56bfc062723c751e8b465ee728b) (PreviewImporter) -> (artifact id: 'e3840d548b1efdb4c70712420807deb8') in 0.4127028 seconds
Number of updated asset objects reloaded before import = 0Number of asset objects unloaded after import = 4

========================================================================
Received Prepare
Begin MonoManager ReloadAssembly
[Licensing::Client] Successfully resolved entitlement details
[Licensing::Module] License group:
  Id: F4-6NBK-962Z-65HE-DAAA-XXXX
  Product: Unity Personal
  Type: ULF
  Expiration: Unlimited
[Licensing::Module] License group:
  Id: 18967464664749-UnityPersXXXX
  Product: Unity Personal
  Type: Assigned
  Expiration: Unlimited
- Loaded All Assemblies, in  0.692 seconds
Refreshing native plugins compatible for Editor in 0.70 ms, found 3 plugins.
Native extension for WindowsStandalone target not found
Native extension for WebGL target not found
[Package Manager] Failed to launch server process. Reason: Unity was launched with the -noUpm command-line argument
[Package Manager] Unable to send message (not connected to server process).
[Package Manager] Cannot connect to Unity Package Manager local server
ScheduleIndexationOnStartup MainProcess:False IndexOnStartup:True
Mono: successfully reloaded assembly
- Finished resetting the current domain, in  0.749 seconds
Domain Reload Profiling: 1442ms
	BeginReloadAssembly (209ms)
		ExecutionOrderSort (0ms)
		DisableScriptedObjects (22ms)
		BackupInstance (0ms)
		ReleaseScriptingObjects (0ms)
		CreateAndSetChildDomain (54ms)
	RebuildCommonClasses (29ms)
	RebuildNativeTypeToScriptingClass (11ms)
	initialDomainReloadingComplete (26ms)
	LoadAllAssembliesAndSetupDomain (418ms)
		LoadAssemblies (318ms)
		RebuildTransferFunctionScriptingTraits (0ms)
		AnalyzeDomain (180ms)
			TypeCache.Refresh (7ms)
				TypeCache.ScanAssembly (0ms)
			BuildScriptInfoCaches (157ms)
			ResolveRequiredComponents (9ms)
	FinalizeReload (749ms)
		ReleaseScriptCaches (0ms)
		RebuildScriptCaches (0ms)
		SetupLoadedEditorAssemblies (608ms)
			LogAssemblyErrors (0ms)
			InitializePlatformSupportModulesInManaged (2ms)
			SetLoadedEditorAssemblies (5ms)
			BeforeProcessingInitializeOnLoad (129ms)
			ProcessInitializeOnLoadAttributes (401ms)
			ProcessInitializeOnLoadMethodAttributes (65ms)
			AfterProcessingInitializeOnLoad (6ms)
			EditorAssembliesLoaded (0ms)
		ExecutionOrderSort2 (0ms)
		AwakeInstancesAfterBackupRestoration (17ms)
Refreshing native plugins compatible for Editor in 0.75 ms, found 3 plugins.
Preloading 0 native plugins for Editor in 0.00 ms.
Unloading 18 Unused Serialized files (Serialized files now loaded: 0)
Unloading 6821 unused Assets / (5.2 MB). Loaded Objects now: 7833.
Memory consumption went from 205.5 MB to 200.3 MB.
Total: 9.477600 ms (FindLiveObjects: 0.625900 ms CreateObjectMapping: 0.542300 ms MarkObjects: 5.947900 ms  DeleteObjects: 2.360600 ms)

Prepare: number of updated asset objects reloaded= 0
========================================================================
Received Import Request.
  Time since last request: 113.234445 seconds.
  path: Assets/Samples/Visual Effect Graph/17.3.0/Learning Templates/Shaders/SG_URP_6Way_Smoke.shadergraph
  artifactKey: Guid(a853453a432e9a3468e3c77af741f0a1) Importer(815301076,1909f56bfc062723c751e8b465ee728b)
Start importing Assets/Samples/Visual Effect Graph/17.3.0/Learning Templates/Shaders/SG_URP_6Way_Smoke.shadergraph using Guid(a853453a432e9a3468e3c77af741f0a1) Importer(815301076,1909f56bfc062723c751e8b465ee728b) (PreviewImporter) -> (artifact id: 'f5db45072215f40e1992dfd1f915c55b') in 4.416355 seconds
Number of updated asset objects reloaded before import = 1Number of asset objects unloaded after import = 5

========================================================================
Received Import Request.
  Time since last request: 0.000034 seconds.
  path: Assets/Samples/Visual Effect Graph/17.3.0/Common/Material/VFXSamples_Cyclo_URP.mat
  artifactKey: Guid(855e1a66f77242249a38a2d1a15c034f) Importer(815301076,1909f56bfc062723c751e8b465ee728b)
Start importing Assets/Samples/Visual Effect Graph/17.3.0/Common/Material/VFXSamples_Cyclo_URP.mat using Guid(855e1a66f77242249a38a2d1a15c034f) Importer(815301076,1909f56bfc062723c751e8b465ee728b) (PreviewImporter) -> (artifact id: '42322a2f2c02d5d941ac841656615182') in 5.1623335 seconds
Number of updated asset objects reloaded before import = 0Number of asset objects unloaded after import = 8

========================================================================
Received Import Request.
  Time since last request: 0.000078 seconds.
  path: Assets/Samples/Visual Effect Graph/17.3.0/Learning Templates/Shaders/SG_DartBoard.shadergraph
  artifactKey: Guid(6cd342ec04caae64e8b32a8b6897f62f) Importer(815301076,1909f56bfc062723c751e8b465ee728b)
Start importing Assets/Samples/Visual Effect Graph/17.3.0/Learning Templates/Shaders/SG_DartBoard.shadergraph using Guid(6cd342ec04caae64e8b32a8b6897f62f) Importer(815301076,1909f56bfc062723c751e8b465ee728b) (PreviewImporter) -> (artifact id: '335118ca3423fcef37945a5d0f1c7a80') in 6.1678005 seconds
Number of updated asset objects reloaded before import = 0Number of asset objects unloaded after import = 6

========================================================================
Received Import Request.
  Time since last request: 0.000054 seconds.
  path: Assets/Samples/Visual Effect Graph/17.3.0/Learning Templates/Shaders/SG_HeadJack.shadergraph
  artifactKey: Guid(f7e8316f3fe1a7b44ac45ac2a9adf567) Importer(815301076,1909f56bfc062723c751e8b465ee728b)
Start importing Assets/Samples/Visual Effect Graph/17.3.0/Learning Templates/Shaders/SG_HeadJack.shadergraph using Guid(f7e8316f3fe1a7b44ac45ac2a9adf567) Importer(815301076,1909f56bfc062723c751e8b465ee728b) (PreviewImporter) -> (artifact id: '7dbf2d9e79cc63e865b8a0a0b1668ccb') in 6.0669363 seconds
Number of updated asset objects reloaded before import = 0Number of asset objects unloaded after import = 5

========================================================================
Received Import Request.
  Time since last request: 0.000084 seconds.
  path: Assets/Samples/Visual Effect Graph/17.3.0/Learning Templates/Meshes/ST_PoolPlane.fbx
  artifactKey: Guid(d439f6b5a5789be4aab9d39703aa46ad) Importer(815301076,1909f56bfc062723c751e8b465ee728b)
Start importing Assets/Samples/Visual Effect Graph/17.3.0/Learning Templates/Meshes/ST_PoolPlane.fbx using Guid(d439f6b5a5789be4aab9d39703aa46ad) Importer(815301076,1909f56bfc062723c751e8b465ee728b) (PreviewImporter) -> (artifact id: 'b26cf636a3018b3190dff01def12792f') in 0.1050083 seconds
Number of updated asset objects reloaded before import = 0Number of asset objects unloaded after import = 8

========================================================================
Received Import Request.
  Time since last request: 0.000067 seconds.
  path: Assets/Samples/Visual Effect Graph/17.3.0/Learning Templates/Shaders/SG_DecalHead.shadergraph
  artifactKey: Guid(402904fec7b70854cb19199e41e7c35c) Importer(815301076,1909f56bfc062723c751e8b465ee728b)
Start importing Assets/Samples/Visual Effect Graph/17.3.0/Learning Templates/Shaders/SG_DecalHead.shadergraph using Guid(402904fec7b70854cb19199e41e7c35c) Importer(815301076,1909f56bfc062723c751e8b465ee728b) (PreviewImporter) -> (artifact id: 'da236edc7ea3d99b2314e9b3d1a9a949') in 5.5459316 seconds
Number of updated asset objects reloaded before import = 0Number of asset objects unloaded after import = 5

========================================================================
Received Import Request.
  Time since last request: 0.000061 seconds.
  path: Assets/Samples/Visual Effect Graph/17.3.0/Learning Templates/Shaders/SG_SandMountain.shadergraph
  artifactKey: Guid(397eacc47217538439abdd28e49df885) Importer(815301076,1909f56bfc062723c751e8b465ee728b)
Start importing Assets/Samples/Visual Effect Graph/17.3.0/Learning Templates/Shaders/SG_SandMountain.shadergraph using Guid(397eacc47217538439abdd28e49df885) Importer(815301076,1909f56bfc062723c751e8b465ee728b) (PreviewImporter) -> (artifact id: '3680633f5021225d91b12fbb4fb0a403') in 5.7852214 seconds
Number of updated asset objects reloaded before import = 0Number of asset objects unloaded after import = 6

========================================================================
Received Import Request.
  Time since last request: 0.000057 seconds.
  path: Assets/Samples/Visual Effect Graph/17.3.0/Learning Templates/Shaders/SG_SoundSystem.shadergraph
  artifactKey: Guid(db2aa7cb030408f44ab44de084092595) Importer(815301076,1909f56bfc062723c751e8b465ee728b)
Start importing Assets/Samples/Visual Effect Graph/17.3.0/Learning Templates/Shaders/SG_SoundSystem.shadergraph using Guid(db2aa7cb030408f44ab44de084092595) Importer(815301076,1909f56bfc062723c751e8b465ee728b) (PreviewImporter) -> (artifact id: '74ce9558d4f62c5a66c0f085b5e60b73') in 5.0332106 seconds
Number of updated asset objects reloaded before import = 0Number of asset objects unloaded after import = 5

========================================================================
Received Import Request.
  Time since last request: 0.000048 seconds.
  path: Assets/Samples/Visual Effect Graph/17.3.0/Learning Templates/Shaders/SG_Candle.shadergraph
  artifactKey: Guid(a23d86af6046bcc46a9ff91c1be29abf) Importer(815301076,1909f56bfc062723c751e8b465ee728b)
Start importing Assets/Samples/Visual Effect Graph/17.3.0/Learning Templates/Shaders/SG_Candle.shadergraph using Guid(a23d86af6046bcc46a9ff91c1be29abf) Importer(815301076,1909f56bfc062723c751e8b465ee728b) (PreviewImporter) -> (artifact id: 'f225c136d345be90dd0c6bb5be12a65a') in 4.0532679 seconds
Number of updated asset objects reloaded before import = 0Number of asset objects unloaded after import = 5

========================================================================
Received Import Request.
  Time since last request: 7.730195 seconds.
  path: Assets/TextMesh Pro/Shaders/TMP_SDF-HDRP UNLIT.shadergraph
  artifactKey: Guid(f63d574838ccfb44f84acc05fed0af48) Importer(815301076,1909f56bfc062723c751e8b465ee728b)
Start importing Assets/TextMesh Pro/Shaders/TMP_SDF-HDRP UNLIT.shadergraph using Guid(f63d574838ccfb44f84acc05fed0af48) Importer(815301076,1909f56bfc062723c751e8b465ee728b) (PreviewImporter) -> (artifact id: 'a156ad675fab86979011e3ddfc47c272') in 0.0108863 seconds
Number of updated asset objects reloaded before import = 57Number of asset objects unloaded after import = 2

========================================================================
Received Import Request.
  Time since last request: 0.846566 seconds.
  path: Assets/Samples/Scriptable Render Pipeline Core/17.3.0/Common/Materials/Shaders/SamplesCyclo.shadergraph
  artifactKey: Guid(7361e086f0e9c6e4d8ded78fffb3870a) Importer(815301076,1909f56bfc062723c751e8b465ee728b)
Start importing Assets/Samples/Scriptable Render Pipeline Core/17.3.0/Common/Materials/Shaders/SamplesCyclo.shadergraph using Guid(7361e086f0e9c6e4d8ded78fffb3870a) Importer(815301076,1909f56bfc062723c751e8b465ee728b) (PreviewImporter) -> (artifact id: '54d18032fb2fbea70f2565e482307154') in 0.0223426 seconds
Number of updated asset objects reloaded before import = 0Number of asset objects unloaded after import = 6

========================================================================
Received Import Request.
  Time since last request: 0.792592 seconds.
  path: Assets/Samples/Scriptable Render Pipeline Core/17.3.0/Common/Materials/Samples_BackdropFabric_Red.mat
  artifactKey: Guid(5542edf9bbf7f31498a9a217ab9585b8) Importer(815301076,1909f56bfc062723c751e8b465ee728b)
Start importing Assets/Samples/Scriptable Render Pipeline Core/17.3.0/Common/Materials/Samples_BackdropFabric_Red.mat using Guid(5542edf9bbf7f31498a9a217ab9585b8) Importer(815301076,1909f56bfc062723c751e8b465ee728b) (PreviewImporter) -> (artifact id: '97364300019cfe817aa4f87d7e6dea2a') in 5.0621176 seconds
Number of updated asset objects reloaded before import = 0Number of asset objects unloaded after import = 8

========================================================================
Received Import Request.
  Time since last request: 0.000064 seconds.
  path: Assets/Samples/Scriptable Render Pipeline Core/17.3.0/Common/Models/SamplesFloorSpotlight.fbx
  artifactKey: Guid(c53fc8b4cd945b340b42e6f4df418356) Importer(815301076,1909f56bfc062723c751e8b465ee728b)
Start importing Assets/Samples/Scriptable Render Pipeline Core/17.3.0/Common/Models/SamplesFloorSpotlight.fbx using Guid(c53fc8b4cd945b340b42e6f4df418356) Importer(815301076,1909f56bfc062723c751e8b465ee728b) (PreviewImporter) -> (artifact id: 'ea7ebdc1975b9c3c4eb11d556adcf41f') in 0.0786622 seconds
Number of updated asset objects reloaded before import = 0Number of asset objects unloaded after import = 14

========================================================================
Received Import Request.
  Time since last request: 0.000061 seconds.
  path: Assets/Samples/Scriptable Render Pipeline Core/17.3.0/Common/Models/CubePanel.fbx
  artifactKey: Guid(233fcb69c76ef6b47a292f4ba174d57b) Importer(815301076,1909f56bfc062723c751e8b465ee728b)
Start importing Assets/Samples/Scriptable Render Pipeline Core/17.3.0/Common/Models/CubePanel.fbx using Guid(233fcb69c76ef6b47a292f4ba174d57b) Importer(815301076,1909f56bfc062723c751e8b465ee728b) (PreviewImporter) -> (artifact id: '4007d15b16165aa6767b51c91760b24c') in 0.0682925 seconds
Number of updated asset objects reloaded before import = 0Number of asset objects unloaded after import = 14

========================================================================
Received Import Request.
  Time since last request: 0.051778 seconds.
  path: Assets/TextMesh Pro/Resources/Fonts & Materials/LiberationSans SDF - Drop Shadow.mat
  artifactKey: Guid(e73a58f6e2794ae7b1b7e50b7fb811b0) Importer(815301076,1909f56bfc062723c751e8b465ee728b)
Start importing Assets/TextMesh Pro/Resources/Fonts & Materials/LiberationSans SDF - Drop Shadow.mat using Guid(e73a58f6e2794ae7b1b7e50b7fb811b0) Importer(815301076,1909f56bfc062723c751e8b465ee728b) (PreviewImporter) -> (artifact id: 'f4db7ee44ac896fd46f04eb114d61edf') in 0.0750789 seconds
Number of updated asset objects reloaded before import = 0Number of asset objects unloaded after import = 2

========================================================================
Received Prepare
Refreshing native plugins compatible for Editor in 0.90 ms, found 3 plugins.
Preloading 0 native plugins for Editor in 0.00 ms.
Unloading 18 Unused Serialized files (Serialized files now loaded: 0)
Unloading 6803 unused Assets / (5.5 MB). Loaded Objects now: 7878.
Memory consumption went from 184.7 MB to 179.2 MB.
Total: 14.690500 ms (FindLiveObjects: 1.087200 ms CreateObjectMapping: 1.103700 ms MarkObjects: 8.809200 ms  DeleteObjects: 3.688000 ms)

Prepare: number of updated asset objects reloaded= 6
========================================================================
Received Prepare
Begin MonoManager ReloadAssembly
[Licensing::Client] Successfully resolved entitlement details
[Licensing::Module] License group:
  Id: F4-6NBK-962Z-65HE-DAAA-XXXX
  Product: Unity Personal
  Type: ULF
  Expiration: Unlimited
[Licensing::Module] License group:
  Id: 18967464664749-UnityPersXXXX
  Product: Unity Personal
  Type: Assigned
  Expiration: Unlimited
- Loaded All Assemblies, in  0.923 seconds
Refreshing native plugins compatible for Editor in 0.68 ms, found 3 plugins.
Native extension for WindowsStandalone target not found
Native extension for WebGL target not found
[Package Manager] Failed to launch server process. Reason: Unity was launched with the -noUpm command-line argument
[Package Manager] Unable to send message (not connected to server process).
[Package Manager] Cannot connect to Unity Package Manager local server
ScheduleIndexationOnStartup MainProcess:False IndexOnStartup:True
Mono: successfully reloaded assembly
- Finished resetting the current domain, in  0.883 seconds
Domain Reload Profiling: 1807ms
	BeginReloadAssembly (276ms)
		ExecutionOrderSort (0ms)
		DisableScriptedObjects (21ms)
		BackupInstance (0ms)
		ReleaseScriptingObjects (0ms)
		CreateAndSetChildDomain (69ms)
	RebuildCommonClasses (36ms)
	RebuildNativeTypeToScriptingClass (13ms)
	initialDomainReloadingComplete (34ms)
	LoadAllAssembliesAndSetupDomain (563ms)
		LoadAssemblies (418ms)
		RebuildTransferFunctionScriptingTraits (0ms)
		AnalyzeDomain (262ms)
			TypeCache.Refresh (20ms)
				TypeCache.ScanAssembly (0ms)
			BuildScriptInfoCaches (225ms)
			ResolveRequiredComponents (11ms)
	FinalizeReload (884ms)
		ReleaseScriptCaches (0ms)
		RebuildScriptCaches (0ms)
		SetupLoadedEditorAssemblies (708ms)
			LogAssemblyErrors (0ms)
			InitializePlatformSupportModulesInManaged (3ms)
			SetLoadedEditorAssemblies (7ms)
			BeforeProcessingInitializeOnLoad (184ms)
			ProcessInitializeOnLoadAttributes (448ms)
			ProcessInitializeOnLoadMethodAttributes (61ms)
			AfterProcessingInitializeOnLoad (6ms)
			EditorAssembliesLoaded (0ms)
		ExecutionOrderSort2 (0ms)
		AwakeInstancesAfterBackupRestoration (14ms)
Refreshing native plugins compatible for Editor in 1.01 ms, found 3 plugins.
Preloading 0 native plugins for Editor in 0.00 ms.
Unloading 18 Unused Serialized files (Serialized files now loaded: 0)
Unloading 6808 unused Assets / (5.3 MB). Loaded Objects now: 7783.
Memory consumption went from 174.8 MB to 169.5 MB.
Total: 10.176500 ms (FindLiveObjects: 0.696300 ms CreateObjectMapping: 0.694400 ms MarkObjects: 6.173200 ms  DeleteObjects: 2.610700 ms)

Prepare: number of updated asset objects reloaded= 0
========================================================================
Received Import Request.
  Time since last request: 70.588752 seconds.
  path: Assets/Task 2/vfx/ParticlesUnlit 2.mat
  artifactKey: Guid(26881efc848c10f4ba93c5794023dc9c) Importer(2089858483,b0f066a214c2f5e87bad3c948f4d605d)
Start importing Assets/Task 2/vfx/ParticlesUnlit 2.mat using Guid(26881efc848c10f4ba93c5794023dc9c) Importer(2089858483,b0f066a214c2f5e87bad3c948f4d605d) (ScriptedImporter) -> (artifact id: '0a04834cf69b85e2db8c1e44e8ece6a2') in 0.104626 seconds
Number of updated asset objects reloaded before import = 0Number of asset objects unloaded after import = 2

Editor requested this worker to shutdown with reason: Scaling down because of idle timeout
AssetImportWorker is now disconnected from the server
Process exiting
Exiting without the bug reporter. Application will terminate with return code 0